2023-04-26 10:08:36.894  INFO 2188 --- [restartedMain] bank.project.app.AppApplication          : Starting AppApplication using Java 1.8.0_292 on WPG02VBBF with PID 2188 (C:\DLTE-FULLSTACKDEVELOPMENT-SURYA\Project\target\classes started by xxnlnnns in C:\DLTE-FULLSTACKDEVELOPMENT-SURYA\Project)
2023-04-26 10:08:36.894  INFO 2188 --- [restartedMain] bank.project.app.AppApplication          : No active profile set, falling back to 1 default profile: "default"
2023-04-26 10:08:36.941  INFO 2188 --- [restartedMain] o.s.b.devtools.restart.ChangeableUrls    : The Class-Path manifest attribute in C:\Users\xxnlnnns\.m2\repository\com\oracle\database\jdbc\ojdbc8\21.5.0.0\ojdbc8-21.5.0.0.jar referenced one or more files that do not exist: file:/C:/Users/xxnlnnns/.m2/repository/com/oracle/database/jdbc/ojdbc8/21.5.0.0/oraclepki.jar
2023-04-26 10:08:36.941  INFO 2188 --- [restartedMain] .e.DevToolsPropertyDefaultsPostProcessor : Devtools property defaults active! Set 'spring.devtools.add-properties' to 'false' to disable
2023-04-26 10:08:36.941  INFO 2188 --- [restartedMain] .e.DevToolsPropertyDefaultsPostProcessor : For additional web related logging consider setting the 'logging.level.web' property to 'DEBUG'
2023-04-26 10:08:37.747  INFO 2188 --- [restartedMain] .s.d.r.c.RepositoryConfigurationDelegate : Bootstrapping Spring Data JDBC repositories in DEFAULT mode.
2023-04-26 10:08:37.760  INFO 2188 --- [restartedMain] .s.d.r.c.RepositoryConfigurationDelegate : Finished Spring Data repository scanning in 7 ms. Found 0 JDBC repository interfaces.
2023-04-26 10:08:38.012  INFO 2188 --- [restartedMain] trationDelegate$BeanPostProcessorChecker : Bean 'configurations' of type [bank.project.app.Configurations$$EnhancerBySpringCGLIB$$aadf1c81] is not eligible for getting processed by all BeanPostProcessors (for example: not eligible for auto-proxying)
2023-04-26 10:08:38.012  INFO 2188 --- [restartedMain] trationDelegate$BeanPostProcessorChecker : Bean 'org.springframework.ws.config.annotation.DelegatingWsConfiguration' of type [org.springframework.ws.config.annotation.DelegatingWsConfiguration$$EnhancerBySpringCGLIB$$19ddaf4a] is not eligible for getting processed by all BeanPostProcessors (for example: not eligible for auto-proxying)
2023-04-26 10:08:38.113  INFO 2188 --- [restartedMain] .w.s.a.s.AnnotationActionEndpointMapping : Supporting [WS-Addressing August 2004, WS-Addressing 1.0]
2023-04-26 10:08:38.454  INFO 2188 --- [restartedMain] o.s.b.w.embedded.tomcat.TomcatWebServer  : Tomcat initialized with port(s): 8084 (http)
2023-04-26 10:08:38.470  INFO 2188 --- [restartedMain] o.apache.catalina.core.StandardService   : Starting service [Tomcat]
2023-04-26 10:08:38.470  INFO 2188 --- [restartedMain] org.apache.catalina.core.StandardEngine  : Starting Servlet engine: [Apache Tomcat/9.0.73]
2023-04-26 10:08:38.533  INFO 2188 --- [restartedMain] o.a.c.c.C.[Tomcat].[localhost].[/]       : Initializing Spring embedded WebApplicationContext
2023-04-26 10:08:38.533  INFO 2188 --- [restartedMain] w.s.c.ServletWebServerApplicationContext : Root WebApplicationContext: initialization completed in 1576 ms
2023-04-26 10:08:38.848  INFO 2188 --- [restartedMain] o.s.s.web.DefaultSecurityFilterChain     : Will secure any request with [org.springframework.security.web.session.DisableEncodeUrlFilter@4c59da42, org.springframework.security.web.context.request.async.WebAsyncManagerIntegrationFilter@7fa49ec2, org.springframework.security.web.context.SecurityContextPersistenceFilter@33aa59d2, org.springframework.security.web.header.HeaderWriterFilter@3f72a7e9, org.springframework.security.web.authentication.logout.LogoutFilter@5be6218c, org.springframework.security.web.authentication.UsernamePasswordAuthenticationFilter@21525398, org.springframework.security.web.savedrequest.RequestCacheAwareFilter@27dfc631, org.springframework.security.web.servletapi.SecurityContextHolderAwareRequestFilter@30267f08, org.springframework.security.web.authentication.AnonymousAuthenticationFilter@6f557cec, org.springframework.security.web.session.SessionManagementFilter@2527f989, org.springframework.security.web.access.ExceptionTranslationFilter@7aad063, org.springframework.security.web.access.intercept.FilterSecurityInterceptor@7039a313]
2023-04-26 10:08:39.384  INFO 2188 --- [restartedMain] com.zaxxer.hikari.HikariDataSource       : HikariPool-1 - Starting...
2023-04-26 10:08:39.390  WARN 2188 --- [restartedMain] com.zaxxer.hikari.util.DriverDataSource  : Registered driver with driverClassName=oracle.jdbc.driver.OracleDriver was not found, trying direct instantiation.
2023-04-26 10:08:39.636  INFO 2188 --- [restartedMain] com.zaxxer.hikari.HikariDataSource       : HikariPool-1 - Start completed.
2023-04-26 10:08:39.873  INFO 2188 --- [restartedMain] o.s.b.d.a.OptionalLiveReloadServer       : LiveReload server is running on port 35729
2023-04-26 10:08:39.907  INFO 2188 --- [restartedMain] o.s.b.w.embedded.tomcat.TomcatWebServer  : Tomcat started on port(s): 8084 (http) with context path ''
2023-04-26 10:08:39.922  INFO 2188 --- [restartedMain] bank.project.app.AppApplication          : Started AppApplication in 3.513 seconds (JVM running for 4.556)
2023-04-26 10:08:49.699  INFO 2188 --- [http-nio-8084-exec-1] o.a.c.c.C.[Tomcat].[localhost].[/]       : Initializing Spring DispatcherServlet 'dispatcherServlet'
2023-04-26 10:08:49.699  INFO 2188 --- [http-nio-8084-exec-1] o.s.web.servlet.DispatcherServlet        : Initializing Servlet 'dispatcherServlet'
2023-04-26 10:08:49.704  INFO 2188 --- [http-nio-8084-exec-1] o.s.web.servlet.DispatcherServlet        : Completed initialization in 5 ms
2023-04-26 10:09:04.962  INFO 2188 --- [http-nio-8084-exec-5] bank.project.dao.BankService             : entered the LoadUserName
2023-04-26 10:09:05.381  INFO 2188 --- [http-nio-8084-exec-5] bank.project.dao.BankService             : List Customers by username
2023-04-26 10:09:05.382  INFO 2188 --- [http-nio-8084-exec-5] bank.project.dao.BankService             : Customer(customerId=400, customerName=Rocky, status=active, address=112,mg-road ,Bangalore, contact=9987567452, username=yesh, FailedAttempts=3, password=admin)
2023-04-26 10:09:05.382  INFO 2188 --- [http-nio-8084-exec-5] bank.project.dao.BankService             : entered the LoadUserName
2023-04-26 10:09:05.389  INFO 2188 --- [http-nio-8084-exec-5] bank.project.dao.BankService             : List Customers by username
2023-04-26 10:09:05.389  INFO 2188 --- [http-nio-8084-exec-5] bank.project.dao.BankService             : Customer(customerId=400, customerName=Rocky, status=active, address=112,mg-road ,Bangalore, contact=9987567452, username=yesh, FailedAttempts=3, password=admin)
2023-04-26 10:09:05.400  INFO 2188 --- [http-nio-8084-exec-5] bank.project.dao.BankService             : List Customers by username
2023-04-26 10:09:05.419  INFO 2188 --- [http-nio-8084-exec-5] bank.project.dao.BankService             : Suspended accounts
2023-04-26 10:09:05.432  INFO 2188 --- [http-nio-8084-exec-5] bank.project.dao.BankService             : Number of attempts:2
2023-04-26 10:09:05.434  INFO 2188 --- [http-nio-8084-exec-5] Handler$$EnhancerBySpringCGLIB$$7df5f685 : User have 2 attempt left (Password Incorrect)
2023-04-26 10:09:38.702  INFO 2188 --- [http-nio-8084-exec-7] bank.project.dao.BankService             : entered the LoadUserName
2023-04-26 10:09:38.702  INFO 2188 --- [http-nio-8084-exec-7] bank.project.dao.BankService             : List Customers by username
2023-04-26 10:09:38.702  INFO 2188 --- [http-nio-8084-exec-7] bank.project.dao.BankService             : Customer(customerId=400, customerName=Rocky, status=active, address=112,mg-road ,Bangalore, contact=9987567452, username=yesh, FailedAttempts=2, password=admin)
2023-04-26 10:09:38.718  INFO 2188 --- [http-nio-8084-exec-7] bank.project.dao.BankService             : set attempts to 3
2023-04-26 10:09:38.899  INFO 2188 --- [http-nio-8084-exec-1] bank.project.dao.Customer                : Customer account
2023-04-26 10:09:38.899  INFO 2188 --- [http-nio-8084-exec-1] bank.project.dao.BankService             : get accounts by username
2023-04-26 10:10:03.988  INFO 2188 --- [http-nio-8084-exec-2] bank.project.dao.BankService             : get by username Active accounts
2023-04-26 10:10:12.693  INFO 2188 --- [http-nio-8084-exec-8] o.a.c.c.C.[Tomcat].[localhost].[/]       : Initializing Spring MessageDispatcherServlet 'messageDispatcherServlet'
2023-04-26 10:10:12.693  INFO 2188 --- [http-nio-8084-exec-8] o.s.w.t.http.MessageDispatcherServlet    : Initializing Servlet 'messageDispatcherServlet'
2023-04-26 10:10:12.740  INFO 2188 --- [http-nio-8084-exec-8] o.s.ws.soap.saaj.SaajSoapMessageFactory  : Creating SAAJ 1.3 MessageFactory with SOAP 1.1 Protocol
2023-04-26 10:10:12.772  INFO 2188 --- [http-nio-8084-exec-8] o.s.w.t.http.MessageDispatcherServlet    : Completed initialization in 79 ms
2023-04-26 10:10:13.056  INFO 2188 --- [http-nio-8084-exec-8] bank.project.dao.BankService             :  Get by username suspended yesh
2023-04-26 10:10:18.573  INFO 2188 --- [http-nio-8084-exec-7] bank.project.dao.Customer                : Customer account
2023-04-26 10:10:18.573  INFO 2188 --- [http-nio-8084-exec-7] bank.project.dao.BankService             : get accounts by username
2023-04-26 10:11:16.642  INFO 2188 --- [http-nio-8084-exec-2] bank.project.dao.BankService             : entered the LoadUserName
2023-04-26 10:11:16.648  INFO 2188 --- [http-nio-8084-exec-2] bank.project.dao.BankService             : entered the LoadUserName
2023-04-26 10:11:16.653  INFO 2188 --- [http-nio-8084-exec-2] Handler$$EnhancerBySpringCGLIB$$7df5f685 : org.springframework.security.authentication.BadCredentialsException: Bad credentials
2023-04-26 10:12:28.878  INFO 2188 --- [http-nio-8084-exec-9] bank.project.dao.BankService             : entered the LoadUserName
2023-04-26 10:12:28.881  INFO 2188 --- [http-nio-8084-exec-9] bank.project.dao.BankService             : List Customers by username
2023-04-26 10:12:28.883  INFO 2188 --- [http-nio-8084-exec-9] bank.project.dao.BankService             : Customer(customerId=403, customerName=Nik, status=active, address=Mg-road Mangalore, contact=987463899, username=nikh, FailedAttempts=3, password=admin)
2023-04-26 10:12:28.883  INFO 2188 --- [http-nio-8084-exec-9] bank.project.dao.BankService             : entered the LoadUserName
2023-04-26 10:12:28.883  INFO 2188 --- [http-nio-8084-exec-9] bank.project.dao.BankService             : List Customers by username
2023-04-26 10:12:28.885  INFO 2188 --- [http-nio-8084-exec-9] bank.project.dao.BankService             : Customer(customerId=403, customerName=Nik, status=active, address=Mg-road Mangalore, contact=987463899, username=nikh, FailedAttempts=3, password=admin)
2023-04-26 10:12:28.885  INFO 2188 --- [http-nio-8084-exec-9] bank.project.dao.BankService             : List Customers by username
2023-04-26 10:12:28.886  INFO 2188 --- [http-nio-8084-exec-9] bank.project.dao.BankService             : Suspended accounts
2023-04-26 10:12:28.886  INFO 2188 --- [http-nio-8084-exec-9] bank.project.dao.BankService             : Number of attempts:2
2023-04-26 10:12:28.886  INFO 2188 --- [http-nio-8084-exec-9] Handler$$EnhancerBySpringCGLIB$$7df5f685 : User have 2 attempt left (Password Incorrect)
2023-04-26 10:12:33.250  INFO 2188 --- [http-nio-8084-exec-5] bank.project.dao.BankService             : entered the LoadUserName
2023-04-26 10:12:33.254  INFO 2188 --- [http-nio-8084-exec-5] bank.project.dao.BankService             : List Customers by username
2023-04-26 10:12:33.255  INFO 2188 --- [http-nio-8084-exec-5] bank.project.dao.BankService             : Customer(customerId=403, customerName=Nik, status=active, address=Mg-road Mangalore, contact=987463899, username=nikh, FailedAttempts=2, password=admin)
2023-04-26 10:12:33.255  INFO 2188 --- [http-nio-8084-exec-5] bank.project.dao.BankService             : entered the LoadUserName
2023-04-26 10:12:33.256  INFO 2188 --- [http-nio-8084-exec-5] bank.project.dao.BankService             : List Customers by username
2023-04-26 10:12:33.256  INFO 2188 --- [http-nio-8084-exec-5] bank.project.dao.BankService             : Customer(customerId=403, customerName=Nik, status=active, address=Mg-road Mangalore, contact=987463899, username=nikh, FailedAttempts=2, password=admin)
2023-04-26 10:12:33.257  INFO 2188 --- [http-nio-8084-exec-5] bank.project.dao.BankService             : List Customers by username
2023-04-26 10:12:33.272  INFO 2188 --- [http-nio-8084-exec-5] bank.project.dao.BankService             : Suspended accounts
2023-04-26 10:12:33.272  INFO 2188 --- [http-nio-8084-exec-5] bank.project.dao.BankService             : Number of attempts:1
2023-04-26 10:12:33.272  INFO 2188 --- [http-nio-8084-exec-5] Handler$$EnhancerBySpringCGLIB$$7df5f685 : User have 1 attempt left (Password Incorrect)
2023-04-26 10:12:39.659  INFO 2188 --- [http-nio-8084-exec-3] bank.project.dao.BankService             : entered the LoadUserName
2023-04-26 10:12:39.662  INFO 2188 --- [http-nio-8084-exec-3] bank.project.dao.BankService             : List Customers by username
2023-04-26 10:12:39.662  INFO 2188 --- [http-nio-8084-exec-3] bank.project.dao.BankService             : Customer(customerId=403, customerName=Nik, status=active, address=Mg-road Mangalore, contact=987463899, username=nikh, FailedAttempts=1, password=admin)
2023-04-26 10:12:39.662  INFO 2188 --- [http-nio-8084-exec-3] bank.project.dao.BankService             : entered the LoadUserName
2023-04-26 10:12:39.666  INFO 2188 --- [http-nio-8084-exec-3] bank.project.dao.BankService             : List Customers by username
2023-04-26 10:12:39.666  INFO 2188 --- [http-nio-8084-exec-3] bank.project.dao.BankService             : Customer(customerId=403, customerName=Nik, status=active, address=Mg-road Mangalore, contact=987463899, username=nikh, FailedAttempts=1, password=admin)
2023-04-26 10:12:39.667  INFO 2188 --- [http-nio-8084-exec-3] bank.project.dao.BankService             : List Customers by username
2023-04-26 10:12:39.679  INFO 2188 --- [http-nio-8084-exec-3] bank.project.dao.BankService             : Suspended accounts
2023-04-26 10:12:39.679  INFO 2188 --- [http-nio-8084-exec-3] bank.project.dao.BankService             : Number of attempts:0
2023-04-26 10:12:39.679  INFO 2188 --- [http-nio-8084-exec-3] Handler$$EnhancerBySpringCGLIB$$7df5f685 : Account is Deactivated
2023-04-26 10:12:57.556  INFO 2188 --- [http-nio-8084-exec-1] bank.project.dao.BankService             : entered the LoadUserName
2023-04-26 10:12:57.559  INFO 2188 --- [http-nio-8084-exec-1] bank.project.dao.BankService             : List Customers by username
2023-04-26 10:12:57.559  INFO 2188 --- [http-nio-8084-exec-1] bank.project.dao.BankService             : Customer(customerId=403, customerName=Nik, status=Suspended, address=Mg-road Mangalore, contact=987463899, username=nikh, FailedAttempts=0, password=admin)
2023-04-26 10:12:57.559  INFO 2188 --- [http-nio-8084-exec-1] bank.project.dao.BankService             : entered the LoadUserName
2023-04-26 10:12:57.562  INFO 2188 --- [http-nio-8084-exec-1] bank.project.dao.BankService             : List Customers by username
2023-04-26 10:12:57.562  INFO 2188 --- [http-nio-8084-exec-1] bank.project.dao.BankService             : Customer(customerId=403, customerName=Nik, status=Suspended, address=Mg-road Mangalore, contact=987463899, username=nikh, FailedAttempts=0, password=admin)
2023-04-26 10:12:57.564  INFO 2188 --- [http-nio-8084-exec-1] bank.project.dao.BankService             : List Customers by username
2023-04-26 10:12:57.573  INFO 2188 --- [http-nio-8084-exec-1] bank.project.dao.BankService             : Suspended accounts
2023-04-26 10:12:57.573  INFO 2188 --- [http-nio-8084-exec-1] bank.project.dao.BankService             : Number of attempts:-1
2023-04-26 10:12:57.573  INFO 2188 --- [http-nio-8084-exec-1] Handler$$EnhancerBySpringCGLIB$$7df5f685 : Account is Deactivated
2023-04-26 10:17:01.411  INFO 13824 --- [restartedMain] bank.project.app.AppApplication          : Starting AppApplication using Java 1.8.0_292 on WPG02VBBF with PID 13824 (C:\DLTE-FULLSTACKDEVELOPMENT-SURYA\Project\target\classes started by xxnlnnns in C:\DLTE-FULLSTACKDEVELOPMENT-SURYA\Project)
2023-04-26 10:17:01.411  INFO 13824 --- [restartedMain] bank.project.app.AppApplication          : No active profile set, falling back to 1 default profile: "default"
2023-04-26 10:17:01.452  INFO 13824 --- [restartedMain] o.s.b.devtools.restart.ChangeableUrls    : The Class-Path manifest attribute in C:\Users\xxnlnnns\.m2\repository\com\oracle\database\jdbc\ojdbc8\21.5.0.0\ojdbc8-21.5.0.0.jar referenced one or more files that do not exist: file:/C:/Users/xxnlnnns/.m2/repository/com/oracle/database/jdbc/ojdbc8/21.5.0.0/oraclepki.jar
2023-04-26 10:17:01.452  INFO 13824 --- [restartedMain] .e.DevToolsPropertyDefaultsPostProcessor : Devtools property defaults active! Set 'spring.devtools.add-properties' to 'false' to disable
2023-04-26 10:17:01.452  INFO 13824 --- [restartedMain] .e.DevToolsPropertyDefaultsPostProcessor : For additional web related logging consider setting the 'logging.level.web' property to 'DEBUG'
2023-04-26 10:17:02.196  INFO 13824 --- [restartedMain] .s.d.r.c.RepositoryConfigurationDelegate : Bootstrapping Spring Data JDBC repositories in DEFAULT mode.
2023-04-26 10:17:02.212  INFO 13824 --- [restartedMain] .s.d.r.c.RepositoryConfigurationDelegate : Finished Spring Data repository scanning in 7 ms. Found 0 JDBC repository interfaces.
2023-04-26 10:17:02.448  INFO 13824 --- [restartedMain] trationDelegate$BeanPostProcessorChecker : Bean 'configurations' of type [bank.project.app.Configurations$$EnhancerBySpringCGLIB$$e50b110a] is not eligible for getting processed by all BeanPostProcessors (for example: not eligible for auto-proxying)
2023-04-26 10:17:02.448  INFO 13824 --- [restartedMain] trationDelegate$BeanPostProcessorChecker : Bean 'org.springframework.ws.config.annotation.DelegatingWsConfiguration' of type [org.springframework.ws.config.annotation.DelegatingWsConfiguration$$EnhancerBySpringCGLIB$$5409a3d3] is not eligible for getting processed by all BeanPostProcessors (for example: not eligible for auto-proxying)
2023-04-26 10:17:02.495  INFO 13824 --- [restartedMain] .w.s.a.s.AnnotationActionEndpointMapping : Supporting [WS-Addressing August 2004, WS-Addressing 1.0]
2023-04-26 10:17:02.780  INFO 13824 --- [restartedMain] o.s.b.w.embedded.tomcat.TomcatWebServer  : Tomcat initialized with port(s): 8084 (http)
2023-04-26 10:17:02.796  INFO 13824 --- [restartedMain] o.apache.catalina.core.StandardService   : Starting service [Tomcat]
2023-04-26 10:17:02.796  INFO 13824 --- [restartedMain] org.apache.catalina.core.StandardEngine  : Starting Servlet engine: [Apache Tomcat/9.0.73]
2023-04-26 10:17:02.874  INFO 13824 --- [restartedMain] o.a.c.c.C.[Tomcat].[localhost].[/]       : Initializing Spring embedded WebApplicationContext
2023-04-26 10:17:02.874  INFO 13824 --- [restartedMain] w.s.c.ServletWebServerApplicationContext : Root WebApplicationContext: initialization completed in 1422 ms
2023-04-26 10:17:03.173  INFO 13824 --- [restartedMain] o.s.s.web.DefaultSecurityFilterChain     : Will secure any request with [org.springframework.security.web.session.DisableEncodeUrlFilter@7677b3d0, org.springframework.security.web.context.request.async.WebAsyncManagerIntegrationFilter@27c28232, org.springframework.security.web.context.SecurityContextPersistenceFilter@1b4c5eb9, org.springframework.security.web.header.HeaderWriterFilter@318cf59a, org.springframework.security.web.authentication.logout.LogoutFilter@5bbc1b6, org.springframework.security.web.authentication.UsernamePasswordAuthenticationFilter@e7bf3e7, org.springframework.security.web.savedrequest.RequestCacheAwareFilter@7b7f4a33, org.springframework.security.web.servletapi.SecurityContextHolderAwareRequestFilter@1d0f0391, org.springframework.security.web.authentication.AnonymousAuthenticationFilter@4d7d5bc0, org.springframework.security.web.session.SessionManagementFilter@9e5129d, org.springframework.security.web.access.ExceptionTranslationFilter@4e8e7edf, org.springframework.security.web.access.intercept.FilterSecurityInterceptor@da38017]
2023-04-26 10:17:03.646  INFO 13824 --- [restartedMain] com.zaxxer.hikari.HikariDataSource       : HikariPool-1 - Starting...
2023-04-26 10:17:03.646  WARN 13824 --- [restartedMain] com.zaxxer.hikari.util.DriverDataSource  : Registered driver with driverClassName=oracle.jdbc.driver.OracleDriver was not found, trying direct instantiation.
2023-04-26 10:17:03.993  INFO 13824 --- [restartedMain] com.zaxxer.hikari.HikariDataSource       : HikariPool-1 - Start completed.
2023-04-26 10:17:04.151  INFO 13824 --- [restartedMain] o.s.b.d.a.OptionalLiveReloadServer       : LiveReload server is running on port 35729
2023-04-26 10:17:04.183  INFO 13824 --- [restartedMain] o.s.b.w.embedded.tomcat.TomcatWebServer  : Tomcat started on port(s): 8084 (http) with context path ''
2023-04-26 10:17:04.209  INFO 13824 --- [restartedMain] bank.project.app.AppApplication          : Started AppApplication in 3.165 seconds (JVM running for 4.142)
2023-04-26 10:17:17.314  INFO 13824 --- [http-nio-8084-exec-1] o.a.c.c.C.[Tomcat].[localhost].[/]       : Initializing Spring DispatcherServlet 'dispatcherServlet'
2023-04-26 10:17:17.314  INFO 13824 --- [http-nio-8084-exec-1] o.s.web.servlet.DispatcherServlet        : Initializing Servlet 'dispatcherServlet'
2023-04-26 10:17:17.314  INFO 13824 --- [http-nio-8084-exec-1] o.s.web.servlet.DispatcherServlet        : Completed initialization in 0 ms
2023-04-26 10:17:23.646  INFO 13824 --- [http-nio-8084-exec-6] bank.project.dao.BankService             : entered the LoadUserName
2023-04-26 10:17:23.936  INFO 13824 --- [http-nio-8084-exec-6] bank.project.dao.BankService             : List Customers by username
2023-04-26 10:17:23.936  INFO 13824 --- [http-nio-8084-exec-6] bank.project.dao.BankService             : Customer(customerId=403, customerName=Nik, status=Suspended, address=Mg-road Mangalore, contact=987463899, username=nikh, FailedAttempts=-1, password=admin)
2023-04-26 10:17:23.936  INFO 13824 --- [http-nio-8084-exec-6] bank.project.dao.BankService             : entered the LoadUserName
2023-04-26 10:17:23.936  INFO 13824 --- [http-nio-8084-exec-6] bank.project.dao.BankService             : List Customers by username
2023-04-26 10:17:23.936  INFO 13824 --- [http-nio-8084-exec-6] bank.project.dao.BankService             : Customer(customerId=403, customerName=Nik, status=Suspended, address=Mg-road Mangalore, contact=987463899, username=nikh, FailedAttempts=-1, password=admin)
2023-04-26 10:17:23.952  INFO 13824 --- [http-nio-8084-exec-6] bank.project.dao.BankService             : List Customers by username
2023-04-26 10:17:23.952  INFO 13824 --- [http-nio-8084-exec-6] Handler$$EnhancerBySpringCGLIB$$b821eb0e : Account is Deactivated
2023-04-26 10:18:22.665  INFO 13824 --- [http-nio-8084-exec-5] bank.project.dao.BankService             : entered the LoadUserName
2023-04-26 10:18:22.668  INFO 13824 --- [http-nio-8084-exec-5] bank.project.dao.BankService             : List Customers by username
2023-04-26 10:18:22.669  INFO 13824 --- [http-nio-8084-exec-5] bank.project.dao.BankService             : Customer(customerId=403, customerName=Nik, status=active, address=Mg-road Mangalore, contact=987463899, username=nikh, FailedAttempts=3, password=admin)
2023-04-26 10:18:22.669  INFO 13824 --- [http-nio-8084-exec-5] bank.project.dao.BankService             : entered the LoadUserName
2023-04-26 10:18:22.672  INFO 13824 --- [http-nio-8084-exec-5] bank.project.dao.BankService             : List Customers by username
2023-04-26 10:18:22.672  INFO 13824 --- [http-nio-8084-exec-5] bank.project.dao.BankService             : Customer(customerId=403, customerName=Nik, status=active, address=Mg-road Mangalore, contact=987463899, username=nikh, FailedAttempts=3, password=admin)
2023-04-26 10:18:22.673  INFO 13824 --- [http-nio-8084-exec-5] bank.project.dao.BankService             : List Customers by username
2023-04-26 10:18:22.688  INFO 13824 --- [http-nio-8084-exec-5] bank.project.dao.BankService             : Suspended accounts
2023-04-26 10:18:22.699  INFO 13824 --- [http-nio-8084-exec-5] bank.project.dao.BankService             : Number of attempts:2
2023-04-26 10:18:22.699  INFO 13824 --- [http-nio-8084-exec-5] Handler$$EnhancerBySpringCGLIB$$b821eb0e : User have 2 attempt left (Password Incorrect)
2023-04-26 10:18:27.862  INFO 13824 --- [http-nio-8084-exec-10] bank.project.dao.BankService             : entered the LoadUserName
2023-04-26 10:18:27.870  INFO 13824 --- [http-nio-8084-exec-10] bank.project.dao.BankService             : List Customers by username
2023-04-26 10:18:27.871  INFO 13824 --- [http-nio-8084-exec-10] bank.project.dao.BankService             : Customer(customerId=403, customerName=Nik, status=active, address=Mg-road Mangalore, contact=987463899, username=nikh, FailedAttempts=2, password=admin)
2023-04-26 10:18:27.871  INFO 13824 --- [http-nio-8084-exec-10] bank.project.dao.BankService             : entered the LoadUserName
2023-04-26 10:18:27.873  INFO 13824 --- [http-nio-8084-exec-10] bank.project.dao.BankService             : List Customers by username
2023-04-26 10:18:27.873  INFO 13824 --- [http-nio-8084-exec-10] bank.project.dao.BankService             : Customer(customerId=403, customerName=Nik, status=active, address=Mg-road Mangalore, contact=987463899, username=nikh, FailedAttempts=2, password=admin)
2023-04-26 10:18:27.877  INFO 13824 --- [http-nio-8084-exec-10] bank.project.dao.BankService             : List Customers by username
2023-04-26 10:18:27.877  INFO 13824 --- [http-nio-8084-exec-10] bank.project.dao.BankService             : Suspended accounts
2023-04-26 10:18:27.877  INFO 13824 --- [http-nio-8084-exec-10] bank.project.dao.BankService             : Number of attempts:1
2023-04-26 10:18:27.877  INFO 13824 --- [http-nio-8084-exec-10] Handler$$EnhancerBySpringCGLIB$$b821eb0e : User have 1 attempt left (Password Incorrect)
2023-04-26 10:18:34.207  INFO 13824 --- [http-nio-8084-exec-6] bank.project.dao.BankService             : entered the LoadUserName
2023-04-26 10:18:34.208  INFO 13824 --- [http-nio-8084-exec-6] bank.project.dao.BankService             : List Customers by username
2023-04-26 10:18:34.208  INFO 13824 --- [http-nio-8084-exec-6] bank.project.dao.BankService             : Customer(customerId=403, customerName=Nik, status=active, address=Mg-road Mangalore, contact=987463899, username=nikh, FailedAttempts=1, password=admin)
2023-04-26 10:18:34.208  INFO 13824 --- [http-nio-8084-exec-6] bank.project.dao.BankService             : entered the LoadUserName
2023-04-26 10:18:34.213  INFO 13824 --- [http-nio-8084-exec-6] bank.project.dao.BankService             : List Customers by username
2023-04-26 10:18:34.213  INFO 13824 --- [http-nio-8084-exec-6] bank.project.dao.BankService             : Customer(customerId=403, customerName=Nik, status=active, address=Mg-road Mangalore, contact=987463899, username=nikh, FailedAttempts=1, password=admin)
2023-04-26 10:18:34.213  INFO 13824 --- [http-nio-8084-exec-6] bank.project.dao.BankService             : List Customers by username
2023-04-26 10:18:34.213  INFO 13824 --- [http-nio-8084-exec-6] bank.project.dao.BankService             : Suspended accounts
2023-04-26 10:18:34.213  INFO 13824 --- [http-nio-8084-exec-6] bank.project.dao.BankService             : Number of attempts:0
2023-04-26 10:18:34.223  INFO 13824 --- [http-nio-8084-exec-6] Handler$$EnhancerBySpringCGLIB$$b821eb0e : Account is Deactivated
2023-04-26 10:18:39.358  INFO 13824 --- [http-nio-8084-exec-1] bank.project.dao.BankService             : entered the LoadUserName
2023-04-26 10:18:39.362  INFO 13824 --- [http-nio-8084-exec-1] bank.project.dao.BankService             : List Customers by username
2023-04-26 10:18:39.363  INFO 13824 --- [http-nio-8084-exec-1] bank.project.dao.BankService             : Customer(customerId=403, customerName=Nik, status=Suspended, address=Mg-road Mangalore, contact=987463899, username=nikh, FailedAttempts=0, password=admin)
2023-04-26 10:18:39.363  INFO 13824 --- [http-nio-8084-exec-1] bank.project.dao.BankService             : entered the LoadUserName
2023-04-26 10:18:39.365  INFO 13824 --- [http-nio-8084-exec-1] bank.project.dao.BankService             : List Customers by username
2023-04-26 10:18:39.366  INFO 13824 --- [http-nio-8084-exec-1] bank.project.dao.BankService             : Customer(customerId=403, customerName=Nik, status=Suspended, address=Mg-road Mangalore, contact=987463899, username=nikh, FailedAttempts=0, password=admin)
2023-04-26 10:18:39.367  INFO 13824 --- [http-nio-8084-exec-1] bank.project.dao.BankService             : List Customers by username
2023-04-26 10:18:39.369  INFO 13824 --- [http-nio-8084-exec-1] Handler$$EnhancerBySpringCGLIB$$b821eb0e : Account is Deactivated
2023-04-26 10:18:52.389  INFO 13824 --- [http-nio-8084-exec-2] bank.project.dao.BankService             : entered the LoadUserName
2023-04-26 10:18:52.395  INFO 13824 --- [http-nio-8084-exec-2] bank.project.dao.BankService             : List Customers by username
2023-04-26 10:18:52.400  INFO 13824 --- [http-nio-8084-exec-2] bank.project.dao.BankService             : Customer(customerId=403, customerName=Nik, status=Suspended, address=Mg-road Mangalore, contact=987463899, username=nikh, FailedAttempts=0, password=admin)
2023-04-26 10:18:52.400  INFO 13824 --- [http-nio-8084-exec-2] bank.project.dao.BankService             : entered the LoadUserName
2023-04-26 10:18:52.400  INFO 13824 --- [http-nio-8084-exec-2] bank.project.dao.BankService             : List Customers by username
2023-04-26 10:18:52.400  INFO 13824 --- [http-nio-8084-exec-2] bank.project.dao.BankService             : Customer(customerId=403, customerName=Nik, status=Suspended, address=Mg-road Mangalore, contact=987463899, username=nikh, FailedAttempts=0, password=admin)
2023-04-26 10:18:52.404  INFO 13824 --- [http-nio-8084-exec-2] bank.project.dao.BankService             : List Customers by username
2023-04-26 10:18:52.404  INFO 13824 --- [http-nio-8084-exec-2] Handler$$EnhancerBySpringCGLIB$$b821eb0e : Account is Deactivated
2023-04-26 10:19:02.945  INFO 13824 --- [http-nio-8084-exec-4] bank.project.dao.BankService             : entered the LoadUserName
2023-04-26 10:19:02.949  INFO 13824 --- [http-nio-8084-exec-4] bank.project.dao.BankService             : List Customers by username
2023-04-26 10:19:02.949  INFO 13824 --- [http-nio-8084-exec-4] bank.project.dao.BankService             : Customer(customerId=403, customerName=Nik, status=Suspended, address=Mg-road Mangalore, contact=987463899, username=nikh, FailedAttempts=0, password=admin)
2023-04-26 10:19:02.949  INFO 13824 --- [http-nio-8084-exec-4] bank.project.dao.BankService             : entered the LoadUserName
2023-04-26 10:19:02.950  INFO 13824 --- [http-nio-8084-exec-4] bank.project.dao.BankService             : List Customers by username
2023-04-26 10:19:02.951  INFO 13824 --- [http-nio-8084-exec-4] bank.project.dao.BankService             : Customer(customerId=403, customerName=Nik, status=Suspended, address=Mg-road Mangalore, contact=987463899, username=nikh, FailedAttempts=0, password=admin)
2023-04-26 10:19:02.954  INFO 13824 --- [http-nio-8084-exec-4] bank.project.dao.BankService             : List Customers by username
2023-04-26 10:19:02.954  INFO 13824 --- [http-nio-8084-exec-4] Handler$$EnhancerBySpringCGLIB$$b821eb0e : Account is Deactivated
2023-04-26 11:28:03.966  INFO 13824 --- [http-nio-8084-exec-7] bank.project.dao.BankService             : entered the LoadUserName
2023-04-26 11:28:03.972  INFO 13824 --- [http-nio-8084-exec-7] bank.project.dao.BankService             : entered the LoadUserName
2023-04-26 11:28:03.976  INFO 13824 --- [http-nio-8084-exec-7] Handler$$EnhancerBySpringCGLIB$$b821eb0e : org.springframework.security.authentication.BadCredentialsException: Bad credentials
2023-04-26 11:32:10.247  INFO 13824 --- [http-nio-8084-exec-9] bank.project.dao.BankService             : entered the LoadUserName
2023-04-26 11:32:10.252  INFO 13824 --- [http-nio-8084-exec-9] bank.project.dao.BankService             : entered the LoadUserName
2023-04-26 11:32:10.256  INFO 13824 --- [http-nio-8084-exec-9] Handler$$EnhancerBySpringCGLIB$$b821eb0e : org.springframework.security.authentication.BadCredentialsException: Bad credentials
2023-04-26 11:32:44.310  INFO 13824 --- [http-nio-8084-exec-4] bank.project.dao.BankService             : entered the LoadUserName
2023-04-26 11:32:44.315  INFO 13824 --- [http-nio-8084-exec-4] bank.project.dao.BankService             : List Customers by username
2023-04-26 11:32:44.315  INFO 13824 --- [http-nio-8084-exec-4] bank.project.dao.BankService             : Customer(customerId=400, customerName=Rocky, status=active, address=112,mg-road ,Bangalore, contact=9987567452, username=yesh, FailedAttempts=3, password=admin)
2023-04-26 11:32:44.315  INFO 13824 --- [http-nio-8084-exec-4] bank.project.dao.BankService             : entered the LoadUserName
2023-04-26 11:32:44.317  INFO 13824 --- [http-nio-8084-exec-4] bank.project.dao.BankService             : List Customers by username
2023-04-26 11:32:44.317  INFO 13824 --- [http-nio-8084-exec-4] bank.project.dao.BankService             : Customer(customerId=400, customerName=Rocky, status=active, address=112,mg-road ,Bangalore, contact=9987567452, username=yesh, FailedAttempts=3, password=admin)
2023-04-26 11:32:44.319  INFO 13824 --- [http-nio-8084-exec-4] bank.project.dao.BankService             : List Customers by username
2023-04-26 11:32:44.327  INFO 13824 --- [http-nio-8084-exec-4] bank.project.dao.BankService             : Suspended accounts
2023-04-26 11:32:44.329  INFO 13824 --- [http-nio-8084-exec-4] bank.project.dao.BankService             : Number of attempts:2
2023-04-26 11:32:44.329  INFO 13824 --- [http-nio-8084-exec-4] Handler$$EnhancerBySpringCGLIB$$b821eb0e : User have 2 attempt left (Password Incorrect)
2023-04-26 11:39:15.681  INFO 11228 --- [restartedMain] bank.project.app.AppApplication          : Starting AppApplication using Java 1.8.0_292 on WPG02VBBF with PID 11228 (C:\DLTE-FULLSTACKDEVELOPMENT-SURYA\Project\target\classes started by xxnlnnns in C:\DLTE-FULLSTACKDEVELOPMENT-SURYA\Project)
2023-04-26 11:39:15.683  INFO 11228 --- [restartedMain] bank.project.app.AppApplication          : No active profile set, falling back to 1 default profile: "default"
2023-04-26 11:39:15.732  INFO 11228 --- [restartedMain] o.s.b.devtools.restart.ChangeableUrls    : The Class-Path manifest attribute in C:\Users\xxnlnnns\.m2\repository\com\oracle\database\jdbc\ojdbc8\21.5.0.0\ojdbc8-21.5.0.0.jar referenced one or more files that do not exist: file:/C:/Users/xxnlnnns/.m2/repository/com/oracle/database/jdbc/ojdbc8/21.5.0.0/oraclepki.jar
2023-04-26 11:39:15.732  INFO 11228 --- [restartedMain] .e.DevToolsPropertyDefaultsPostProcessor : Devtools property defaults active! Set 'spring.devtools.add-properties' to 'false' to disable
2023-04-26 11:39:15.732  INFO 11228 --- [restartedMain] .e.DevToolsPropertyDefaultsPostProcessor : For additional web related logging consider setting the 'logging.level.web' property to 'DEBUG'
2023-04-26 11:39:16.493  INFO 11228 --- [restartedMain] .s.d.r.c.RepositoryConfigurationDelegate : Bootstrapping Spring Data JDBC repositories in DEFAULT mode.
2023-04-26 11:39:16.507  INFO 11228 --- [restartedMain] .s.d.r.c.RepositoryConfigurationDelegate : Finished Spring Data repository scanning in 10 ms. Found 0 JDBC repository interfaces.
2023-04-26 11:39:16.779  INFO 11228 --- [restartedMain] trationDelegate$BeanPostProcessorChecker : Bean 'configurations' of type [bank.project.app.Configurations$$EnhancerBySpringCGLIB$$258531d3] is not eligible for getting processed by all BeanPostProcessors (for example: not eligible for auto-proxying)
2023-04-26 11:39:16.780  INFO 11228 --- [restartedMain] trationDelegate$BeanPostProcessorChecker : Bean 'org.springframework.ws.config.annotation.DelegatingWsConfiguration' of type [org.springframework.ws.config.annotation.DelegatingWsConfiguration$$EnhancerBySpringCGLIB$$9483c49c] is not eligible for getting processed by all BeanPostProcessors (for example: not eligible for auto-proxying)
2023-04-26 11:39:16.824  INFO 11228 --- [restartedMain] .w.s.a.s.AnnotationActionEndpointMapping : Supporting [WS-Addressing August 2004, WS-Addressing 1.0]
2023-04-26 11:39:17.106  INFO 11228 --- [restartedMain] o.s.b.w.embedded.tomcat.TomcatWebServer  : Tomcat initialized with port(s): 8084 (http)
2023-04-26 11:39:17.113  INFO 11228 --- [restartedMain] o.apache.catalina.core.StandardService   : Starting service [Tomcat]
2023-04-26 11:39:17.114  INFO 11228 --- [restartedMain] org.apache.catalina.core.StandardEngine  : Starting Servlet engine: [Apache Tomcat/9.0.73]
2023-04-26 11:39:17.181  INFO 11228 --- [restartedMain] o.a.c.c.C.[Tomcat].[localhost].[/]       : Initializing Spring embedded WebApplicationContext
2023-04-26 11:39:17.181  INFO 11228 --- [restartedMain] w.s.c.ServletWebServerApplicationContext : Root WebApplicationContext: initialization completed in 1448 ms
2023-04-26 11:39:17.530  INFO 11228 --- [restartedMain] o.s.s.web.DefaultSecurityFilterChain     : Will secure any request with [org.springframework.security.web.session.DisableEncodeUrlFilter@2eb2bd12, org.springframework.security.web.context.request.async.WebAsyncManagerIntegrationFilter@1f770526, org.springframework.security.web.context.SecurityContextPersistenceFilter@784bb373, org.springframework.security.web.header.HeaderWriterFilter@3a0c4c09, org.springframework.security.web.authentication.logout.LogoutFilter@149a769c, org.springframework.security.web.authentication.UsernamePasswordAuthenticationFilter@597d013b, org.springframework.security.web.savedrequest.RequestCacheAwareFilter@59812be6, org.springframework.security.web.servletapi.SecurityContextHolderAwareRequestFilter@22ae9843, org.springframework.security.web.authentication.AnonymousAuthenticationFilter@264af62f, org.springframework.security.web.session.SessionManagementFilter@3a6c509b, org.springframework.security.web.access.ExceptionTranslationFilter@d151788, org.springframework.security.web.access.intercept.FilterSecurityInterceptor@6a6d4ea7]
2023-04-26 11:39:18.016  INFO 11228 --- [restartedMain] com.zaxxer.hikari.HikariDataSource       : HikariPool-1 - Starting...
2023-04-26 11:39:18.018  WARN 11228 --- [restartedMain] com.zaxxer.hikari.util.DriverDataSource  : Registered driver with driverClassName=oracle.jdbc.driver.OracleDriver was not found, trying direct instantiation.
2023-04-26 11:39:18.297  INFO 11228 --- [restartedMain] com.zaxxer.hikari.HikariDataSource       : HikariPool-1 - Start completed.
2023-04-26 11:39:18.466  INFO 11228 --- [restartedMain] o.s.b.d.a.OptionalLiveReloadServer       : LiveReload server is running on port 35729
2023-04-26 11:39:18.508  INFO 11228 --- [restartedMain] o.s.b.w.embedded.tomcat.TomcatWebServer  : Tomcat started on port(s): 8084 (http) with context path ''
2023-04-26 11:39:18.525  INFO 11228 --- [restartedMain] bank.project.app.AppApplication          : Started AppApplication in 3.267 seconds (JVM running for 5.85)
2023-04-26 11:39:31.495  INFO 11228 --- [http-nio-8084-exec-2] o.a.c.c.C.[Tomcat].[localhost].[/]       : Initializing Spring DispatcherServlet 'dispatcherServlet'
2023-04-26 11:39:31.496  INFO 11228 --- [http-nio-8084-exec-2] o.s.web.servlet.DispatcherServlet        : Initializing Servlet 'dispatcherServlet'
2023-04-26 11:39:31.500  INFO 11228 --- [http-nio-8084-exec-2] o.s.web.servlet.DispatcherServlet        : Completed initialization in 3 ms
2023-04-26 11:41:02.341  INFO 11228 --- [http-nio-8084-exec-9] bank.project.dao.BankService             : entered the LoadUserName
2023-04-26 11:41:02.648  INFO 11228 --- [http-nio-8084-exec-9] bank.project.dao.BankService             : List Customers by username
2023-04-26 11:41:02.648  INFO 11228 --- [http-nio-8084-exec-9] bank.project.dao.BankService             : Customer(customerId=400, customerName=Rocky, status=active, address=112,mg-road ,Bangalore, contact=9987567452, username=yesh, FailedAttempts=2, password=admin)
2023-04-26 11:41:02.649  INFO 11228 --- [http-nio-8084-exec-9] bank.project.dao.BankService             : entered the LoadUserName
2023-04-26 11:41:02.652  INFO 11228 --- [http-nio-8084-exec-9] bank.project.dao.BankService             : List Customers by username
2023-04-26 11:41:02.653  INFO 11228 --- [http-nio-8084-exec-9] bank.project.dao.BankService             : Customer(customerId=400, customerName=Rocky, status=active, address=112,mg-road ,Bangalore, contact=9987567452, username=yesh, FailedAttempts=2, password=admin)
2023-04-26 11:41:02.663  INFO 11228 --- [http-nio-8084-exec-9] bank.project.dao.BankService             : List Customers by username
2023-04-26 11:41:02.717  INFO 11228 --- [http-nio-8084-exec-9] bank.project.dao.BankService             : Suspended accounts
2023-04-26 11:41:02.723  INFO 11228 --- [http-nio-8084-exec-9] bank.project.dao.BankService             : Number of attempts:1
2023-04-26 11:41:02.723  INFO 11228 --- [http-nio-8084-exec-9] Handler$$EnhancerBySpringCGLIB$$f89c0bd7 : User have 1 attempt left (Password Incorrect)
2023-04-26 11:41:09.517  INFO 11228 --- [http-nio-8084-exec-6] bank.project.dao.BankService             : entered the LoadUserName
2023-04-26 11:41:09.521  INFO 11228 --- [http-nio-8084-exec-6] bank.project.dao.BankService             : List Customers by username
2023-04-26 11:41:09.523  INFO 11228 --- [http-nio-8084-exec-6] bank.project.dao.BankService             : Customer(customerId=400, customerName=Rocky, status=active, address=112,mg-road ,Bangalore, contact=9987567452, username=yesh, FailedAttempts=1, password=admin)
2023-04-26 11:41:09.539  INFO 11228 --- [http-nio-8084-exec-6] bank.project.dao.BankService             : set attempts to 3
2023-04-26 11:41:09.688  INFO 11228 --- [http-nio-8084-exec-4] bank.project.dao.Customer                : Customer account
2023-04-26 11:41:09.690  INFO 11228 --- [http-nio-8084-exec-4] bank.project.dao.BankService             : get accounts by username
2023-04-26 11:41:36.029  INFO 11228 --- [http-nio-8084-exec-7] bank.project.dao.BankService             : entered the LoadUserName
2023-04-26 11:41:36.034  INFO 11228 --- [http-nio-8084-exec-7] bank.project.dao.BankService             : List Customers by username
2023-04-26 11:41:36.034  INFO 11228 --- [http-nio-8084-exec-7] bank.project.dao.BankService             : Customer(customerId=400, customerName=Rocky, status=active, address=112,mg-road ,Bangalore, contact=9987567452, username=yesh, FailedAttempts=3, password=admin)
2023-04-26 11:41:36.034  INFO 11228 --- [http-nio-8084-exec-7] bank.project.dao.BankService             : entered the LoadUserName
2023-04-26 11:41:36.037  INFO 11228 --- [http-nio-8084-exec-7] bank.project.dao.BankService             : List Customers by username
2023-04-26 11:41:36.038  INFO 11228 --- [http-nio-8084-exec-7] bank.project.dao.BankService             : Customer(customerId=400, customerName=Rocky, status=active, address=112,mg-road ,Bangalore, contact=9987567452, username=yesh, FailedAttempts=3, password=admin)
2023-04-26 11:41:36.040  INFO 11228 --- [http-nio-8084-exec-7] bank.project.dao.BankService             : List Customers by username
2023-04-26 11:41:36.055  INFO 11228 --- [http-nio-8084-exec-7] bank.project.dao.BankService             : Suspended accounts
2023-04-26 11:41:36.057  INFO 11228 --- [http-nio-8084-exec-7] bank.project.dao.BankService             : Number of attempts:2
2023-04-26 11:41:36.057  INFO 11228 --- [http-nio-8084-exec-7] Handler$$EnhancerBySpringCGLIB$$f89c0bd7 : User have 2 attempt left (Password Incorrect)
2023-04-26 11:42:23.811  INFO 11228 --- [http-nio-8084-exec-10] bank.project.dao.BankService             : entered the LoadUserName
2023-04-26 11:42:23.815  INFO 11228 --- [http-nio-8084-exec-10] bank.project.dao.BankService             : List Customers by username
2023-04-26 11:42:23.815  INFO 11228 --- [http-nio-8084-exec-10] bank.project.dao.BankService             : Customer(customerId=400, customerName=Rocky, status=active, address=112,mg-road ,Bangalore, contact=9987567452, username=yesh, FailedAttempts=2, password=admin)
2023-04-26 11:42:23.834  INFO 11228 --- [http-nio-8084-exec-10] bank.project.dao.BankService             : set attempts to 3
2023-04-26 11:42:23.906  INFO 11228 --- [http-nio-8084-exec-2] bank.project.dao.Customer                : Customer account
2023-04-26 11:42:23.906  INFO 11228 --- [http-nio-8084-exec-2] bank.project.dao.BankService             : get accounts by username
2023-04-26 11:44:12.336  INFO 11228 --- [http-nio-8084-exec-5] bank.project.dao.BankService             : entered the LoadUserName
2023-04-26 11:44:12.340  INFO 11228 --- [http-nio-8084-exec-5] bank.project.dao.BankService             : List Customers by username
2023-04-26 11:44:12.340  INFO 11228 --- [http-nio-8084-exec-5] bank.project.dao.BankService             : Customer(customerId=402, customerName=San, status=Suspended, address=Blore, contact=996880123, username=sann, FailedAttempts=3, password=admin)
2023-04-26 11:44:12.341  INFO 11228 --- [http-nio-8084-exec-5] bank.project.dao.BankService             : entered the LoadUserName
2023-04-26 11:44:12.344  INFO 11228 --- [http-nio-8084-exec-5] bank.project.dao.BankService             : List Customers by username
2023-04-26 11:44:12.344  INFO 11228 --- [http-nio-8084-exec-5] bank.project.dao.BankService             : Customer(customerId=402, customerName=San, status=Suspended, address=Blore, contact=996880123, username=sann, FailedAttempts=3, password=admin)
2023-04-26 11:44:12.345  INFO 11228 --- [http-nio-8084-exec-5] bank.project.dao.BankService             : List Customers by username
2023-04-26 11:44:12.347  INFO 11228 --- [http-nio-8084-exec-5] Handler$$EnhancerBySpringCGLIB$$f89c0bd7 : Account is Deactivated
2023-04-26 12:44:57.878  INFO 8248 --- [restartedMain] bank.project.app.AppApplication          : Starting AppApplication using Java 1.8.0_292 on WPG02VBBF with PID 8248 (C:\DLTE-FULLSTACKDEVELOPMENT-SURYA\Project\target\classes started by xxnlnnns in C:\DLTE-FULLSTACKDEVELOPMENT-SURYA\Project)
2023-04-26 12:44:57.879  INFO 8248 --- [restartedMain] bank.project.app.AppApplication          : No active profile set, falling back to 1 default profile: "default"
2023-04-26 12:44:57.911  INFO 8248 --- [restartedMain] o.s.b.devtools.restart.ChangeableUrls    : The Class-Path manifest attribute in C:\Users\xxnlnnns\.m2\repository\com\oracle\database\jdbc\ojdbc8\21.5.0.0\ojdbc8-21.5.0.0.jar referenced one or more files that do not exist: file:/C:/Users/xxnlnnns/.m2/repository/com/oracle/database/jdbc/ojdbc8/21.5.0.0/oraclepki.jar
2023-04-26 12:44:57.912  INFO 8248 --- [restartedMain] .e.DevToolsPropertyDefaultsPostProcessor : Devtools property defaults active! Set 'spring.devtools.add-properties' to 'false' to disable
2023-04-26 12:44:57.912  INFO 8248 --- [restartedMain] .e.DevToolsPropertyDefaultsPostProcessor : For additional web related logging consider setting the 'logging.level.web' property to 'DEBUG'
2023-04-26 12:44:58.597  INFO 8248 --- [restartedMain] .s.d.r.c.RepositoryConfigurationDelegate : Bootstrapping Spring Data JDBC repositories in DEFAULT mode.
2023-04-26 12:44:58.611  INFO 8248 --- [restartedMain] .s.d.r.c.RepositoryConfigurationDelegate : Finished Spring Data repository scanning in 9 ms. Found 0 JDBC repository interfaces.
2023-04-26 12:44:58.819  INFO 8248 --- [restartedMain] trationDelegate$BeanPostProcessorChecker : Bean 'configurations' of type [bank.project.app.Configurations$$EnhancerBySpringCGLIB$$6f8bf9c1] is not eligible for getting processed by all BeanPostProcessors (for example: not eligible for auto-proxying)
2023-04-26 12:44:58.820  INFO 8248 --- [restartedMain] trationDelegate$BeanPostProcessorChecker : Bean 'org.springframework.ws.config.annotation.DelegatingWsConfiguration' of type [org.springframework.ws.config.annotation.DelegatingWsConfiguration$$EnhancerBySpringCGLIB$$de8a8c8a] is not eligible for getting processed by all BeanPostProcessors (for example: not eligible for auto-proxying)
2023-04-26 12:44:58.859  INFO 8248 --- [restartedMain] .w.s.a.s.AnnotationActionEndpointMapping : Supporting [WS-Addressing August 2004, WS-Addressing 1.0]
2023-04-26 12:44:59.139  INFO 8248 --- [restartedMain] o.s.b.w.embedded.tomcat.TomcatWebServer  : Tomcat initialized with port(s): 8084 (http)
2023-04-26 12:44:59.145  INFO 8248 --- [restartedMain] o.apache.catalina.core.StandardService   : Starting service [Tomcat]
2023-04-26 12:44:59.146  INFO 8248 --- [restartedMain] org.apache.catalina.core.StandardEngine  : Starting Servlet engine: [Apache Tomcat/9.0.73]
2023-04-26 12:44:59.210  INFO 8248 --- [restartedMain] o.a.c.c.C.[Tomcat].[localhost].[/]       : Initializing Spring embedded WebApplicationContext
2023-04-26 12:44:59.211  INFO 8248 --- [restartedMain] w.s.c.ServletWebServerApplicationContext : Root WebApplicationContext: initialization completed in 1298 ms
2023-04-26 12:44:59.509  INFO 8248 --- [restartedMain] o.s.s.web.DefaultSecurityFilterChain     : Will secure any request with [org.springframework.security.web.session.DisableEncodeUrlFilter@657e6a23, org.springframework.security.web.context.request.async.WebAsyncManagerIntegrationFilter@200efba0, org.springframework.security.web.context.SecurityContextPersistenceFilter@6cdbb402, org.springframework.security.web.header.HeaderWriterFilter@30267f08, org.springframework.security.web.authentication.logout.LogoutFilter@23e525c9, org.springframework.security.web.authentication.UsernamePasswordAuthenticationFilter@69759814, org.springframework.security.web.savedrequest.RequestCacheAwareFilter@8f2a5d0, org.springframework.security.web.servletapi.SecurityContextHolderAwareRequestFilter@64a54160, org.springframework.security.web.authentication.AnonymousAuthenticationFilter@14674900, org.springframework.security.web.session.SessionManagementFilter@202b5e87, org.springframework.security.web.access.ExceptionTranslationFilter@33aa59d2, org.springframework.security.web.access.intercept.FilterSecurityInterceptor@21525398]
2023-04-26 12:44:59.899  INFO 8248 --- [restartedMain] com.zaxxer.hikari.HikariDataSource       : HikariPool-1 - Starting...
2023-04-26 12:44:59.900  WARN 8248 --- [restartedMain] com.zaxxer.hikari.util.DriverDataSource  : Registered driver with driverClassName=oracle.jdbc.driver.OracleDriver was not found, trying direct instantiation.
2023-04-26 12:45:00.233  INFO 8248 --- [restartedMain] com.zaxxer.hikari.HikariDataSource       : HikariPool-1 - Start completed.
2023-04-26 12:45:00.382  INFO 8248 --- [restartedMain] o.s.b.d.a.OptionalLiveReloadServer       : LiveReload server is running on port 35729
2023-04-26 12:45:00.411  INFO 8248 --- [restartedMain] o.s.b.w.embedded.tomcat.TomcatWebServer  : Tomcat started on port(s): 8084 (http) with context path ''
2023-04-26 12:45:00.423  INFO 8248 --- [restartedMain] bank.project.app.AppApplication          : Started AppApplication in 2.923 seconds (JVM running for 3.851)
2023-04-26 12:45:12.870  INFO 8248 --- [http-nio-8084-exec-1] o.a.c.c.C.[Tomcat].[localhost].[/]       : Initializing Spring DispatcherServlet 'dispatcherServlet'
2023-04-26 12:45:12.870  INFO 8248 --- [http-nio-8084-exec-1] o.s.web.servlet.DispatcherServlet        : Initializing Servlet 'dispatcherServlet'
2023-04-26 12:45:12.871  INFO 8248 --- [http-nio-8084-exec-1] o.s.web.servlet.DispatcherServlet        : Completed initialization in 1 ms
2023-04-26 12:45:20.277  INFO 8248 --- [http-nio-8084-exec-6] bank.project.dao.BankService             : entered the LoadUserName
2023-04-26 12:45:20.594  INFO 8248 --- [http-nio-8084-exec-6] bank.project.dao.BankService             : List Customers by username
2023-04-26 12:45:20.595  INFO 8248 --- [http-nio-8084-exec-6] bank.project.dao.BankService             : Customer(customerId=400, customerName=Rocky, status=active, address=112,mg-road ,Bangalore, contact=9987567452, username=yesh, FailedAttempts=3, password=admin)
2023-04-26 12:45:20.647  INFO 8248 --- [http-nio-8084-exec-6] bank.project.dao.BankService             : set attempts to 3
2023-04-26 12:45:20.799  INFO 8248 --- [http-nio-8084-exec-8] bank.project.dao.Customer                : Customer account
2023-04-26 12:45:20.800  INFO 8248 --- [http-nio-8084-exec-8] bank.project.dao.BankService             : get accounts by username
2023-04-26 14:38:51.022  INFO 19420 --- [restartedMain] bank.project.app.AppApplication          : Starting AppApplication using Java 1.8.0_292 on WPG02VBBF with PID 19420 (C:\DLTE-FULLSTACKDEVELOPMENT-SURYA\Project\target\classes started by xxnlnnns in C:\DLTE-FULLSTACKDEVELOPMENT-SURYA\Project)
2023-04-26 14:38:51.023  INFO 19420 --- [restartedMain] bank.project.app.AppApplication          : No active profile set, falling back to 1 default profile: "default"
2023-04-26 14:38:51.059  INFO 19420 --- [restartedMain] o.s.b.devtools.restart.ChangeableUrls    : The Class-Path manifest attribute in C:\Users\xxnlnnns\.m2\repository\com\oracle\database\jdbc\ojdbc8\21.5.0.0\ojdbc8-21.5.0.0.jar referenced one or more files that do not exist: file:/C:/Users/xxnlnnns/.m2/repository/com/oracle/database/jdbc/ojdbc8/21.5.0.0/oraclepki.jar
2023-04-26 14:38:51.060  INFO 19420 --- [restartedMain] .e.DevToolsPropertyDefaultsPostProcessor : Devtools property defaults active! Set 'spring.devtools.add-properties' to 'false' to disable
2023-04-26 14:38:51.060  INFO 19420 --- [restartedMain] .e.DevToolsPropertyDefaultsPostProcessor : For additional web related logging consider setting the 'logging.level.web' property to 'DEBUG'
2023-04-26 14:38:51.605  INFO 19420 --- [restartedMain] .s.d.r.c.RepositoryConfigurationDelegate : Bootstrapping Spring Data JDBC repositories in DEFAULT mode.
2023-04-26 14:38:51.615  INFO 19420 --- [restartedMain] .s.d.r.c.RepositoryConfigurationDelegate : Finished Spring Data repository scanning in 6 ms. Found 0 JDBC repository interfaces.
2023-04-26 14:38:51.825  INFO 19420 --- [restartedMain] trationDelegate$BeanPostProcessorChecker : Bean 'configurations' of type [bank.project.app.Configurations$$EnhancerBySpringCGLIB$$c26bc77c] is not eligible for getting processed by all BeanPostProcessors (for example: not eligible for auto-proxying)
2023-04-26 14:38:51.826  INFO 19420 --- [restartedMain] trationDelegate$BeanPostProcessorChecker : Bean 'org.springframework.ws.config.annotation.DelegatingWsConfiguration' of type [org.springframework.ws.config.annotation.DelegatingWsConfiguration$$EnhancerBySpringCGLIB$$316a5a45] is not eligible for getting processed by all BeanPostProcessors (for example: not eligible for auto-proxying)
2023-04-26 14:38:51.866  INFO 19420 --- [restartedMain] .w.s.a.s.AnnotationActionEndpointMapping : Supporting [WS-Addressing August 2004, WS-Addressing 1.0]
2023-04-26 14:38:52.085  INFO 19420 --- [restartedMain] o.s.b.w.embedded.tomcat.TomcatWebServer  : Tomcat initialized with port(s): 8084 (http)
2023-04-26 14:38:52.091  INFO 19420 --- [restartedMain] o.apache.catalina.core.StandardService   : Starting service [Tomcat]
2023-04-26 14:38:52.092  INFO 19420 --- [restartedMain] org.apache.catalina.core.StandardEngine  : Starting Servlet engine: [Apache Tomcat/9.0.73]
2023-04-26 14:38:52.143  INFO 19420 --- [restartedMain] o.a.c.c.C.[Tomcat].[localhost].[/]       : Initializing Spring embedded WebApplicationContext
2023-04-26 14:38:52.143  INFO 19420 --- [restartedMain] w.s.c.ServletWebServerApplicationContext : Root WebApplicationContext: initialization completed in 1082 ms
2023-04-26 14:38:52.398  INFO 19420 --- [restartedMain] o.s.s.web.DefaultSecurityFilterChain     : Will secure any request with [org.springframework.security.web.session.DisableEncodeUrlFilter@21525398, org.springframework.security.web.context.request.async.WebAsyncManagerIntegrationFilter@d03ac46, org.springframework.security.web.context.SecurityContextPersistenceFilter@4d387645, org.springframework.security.web.header.HeaderWriterFilter@1e4d8eac, org.springframework.security.web.authentication.logout.LogoutFilter@46dd971b, org.springframework.security.web.authentication.UsernamePasswordAuthenticationFilter@584e8662, org.springframework.security.web.savedrequest.RequestCacheAwareFilter@194de8fd, org.springframework.security.web.servletapi.SecurityContextHolderAwareRequestFilter@3dae8bbc, org.springframework.security.web.authentication.AnonymousAuthenticationFilter@60a7eb0c, org.springframework.security.web.session.SessionManagementFilter@6e0a4b83, org.springframework.security.web.access.ExceptionTranslationFilter@4a7a709a, org.springframework.security.web.access.intercept.FilterSecurityInterceptor@73519b9f]
2023-04-26 14:38:52.785  INFO 19420 --- [restartedMain] com.zaxxer.hikari.HikariDataSource       : HikariPool-1 - Starting...
2023-04-26 14:38:52.788  WARN 19420 --- [restartedMain] com.zaxxer.hikari.util.DriverDataSource  : Registered driver with driverClassName=oracle.jdbc.driver.OracleDriver was not found, trying direct instantiation.
2023-04-26 14:38:53.002  INFO 19420 --- [restartedMain] com.zaxxer.hikari.HikariDataSource       : HikariPool-1 - Start completed.
2023-04-26 14:38:53.131  INFO 19420 --- [restartedMain] o.s.b.d.a.OptionalLiveReloadServer       : LiveReload server is running on port 35729
2023-04-26 14:38:53.163  INFO 19420 --- [restartedMain] o.s.b.w.embedded.tomcat.TomcatWebServer  : Tomcat started on port(s): 8084 (http) with context path ''
2023-04-26 14:38:53.175  INFO 19420 --- [restartedMain] bank.project.app.AppApplication          : Started AppApplication in 2.475 seconds (JVM running for 3.278)
2023-04-26 14:39:04.607  INFO 19420 --- [http-nio-8084-exec-1] o.a.c.c.C.[Tomcat].[localhost].[/]       : Initializing Spring DispatcherServlet 'dispatcherServlet'
2023-04-26 14:39:04.607  INFO 19420 --- [http-nio-8084-exec-1] o.s.web.servlet.DispatcherServlet        : Initializing Servlet 'dispatcherServlet'
2023-04-26 14:39:04.608  INFO 19420 --- [http-nio-8084-exec-1] o.s.web.servlet.DispatcherServlet        : Completed initialization in 1 ms
2023-04-26 14:39:12.373  INFO 19420 --- [http-nio-8084-exec-1] bank.project.dao.BankService             : entered the LoadUserName
2023-04-26 14:39:12.521  INFO 19420 --- [http-nio-8084-exec-1] bank.project.dao.BankService             : List Customers by username
2023-04-26 14:39:12.521  INFO 19420 --- [http-nio-8084-exec-1] bank.project.dao.BankService             : Customer(customerId=400, customerName=Rocky, status=active, address=112,mg-road ,Bangalore, contact=9987567452, username=yesh, FailedAttempts=3, password=admin)
2023-04-26 14:39:12.528  INFO 19420 --- [http-nio-8084-exec-1] bank.project.dao.BankService             : set attempts to 3
2023-04-26 14:39:12.655  INFO 19420 --- [http-nio-8084-exec-4] bank.project.dao.Customer                : Customer account
2023-04-26 14:39:12.656  INFO 19420 --- [http-nio-8084-exec-4] bank.project.dao.BankService             : get accounts by username
2023-04-26 14:39:15.786  INFO 19420 --- [http-nio-8084-exec-3] bank.project.dao.BankService             : get by username Active accounts
2023-04-26 14:39:17.674  INFO 19420 --- [http-nio-8084-exec-2] o.a.c.c.C.[Tomcat].[localhost].[/]       : Initializing Spring MessageDispatcherServlet 'messageDispatcherServlet'
2023-04-26 14:39:17.675  INFO 19420 --- [http-nio-8084-exec-2] o.s.w.t.http.MessageDispatcherServlet    : Initializing Servlet 'messageDispatcherServlet'
2023-04-26 14:39:17.679  INFO 19420 --- [http-nio-8084-exec-2] o.s.ws.soap.saaj.SaajSoapMessageFactory  : Creating SAAJ 1.3 MessageFactory with SOAP 1.1 Protocol
2023-04-26 14:39:17.703  INFO 19420 --- [http-nio-8084-exec-2] o.s.w.t.http.MessageDispatcherServlet    : Completed initialization in 28 ms
2023-04-26 14:39:17.854  INFO 19420 --- [http-nio-8084-exec-2] bank.project.dao.BankService             :  Get by username suspended yesh
2023-04-26 14:40:09.308  INFO 19420 --- [http-nio-8084-exec-4] bank.project.dao.BankService             : entered the LoadUserName
2023-04-26 14:40:09.313  INFO 19420 --- [http-nio-8084-exec-4] bank.project.dao.BankService             : List Customers by username
2023-04-26 14:40:09.313  INFO 19420 --- [http-nio-8084-exec-4] bank.project.dao.BankService             : Customer(customerId=402, customerName=San, status=active, address=Blore, contact=996880123, username=sann, FailedAttempts=3, password=admin)
2023-04-26 14:40:09.314  INFO 19420 --- [http-nio-8084-exec-4] bank.project.dao.BankService             : set attempts to 3
2023-04-26 14:40:09.380  INFO 19420 --- [http-nio-8084-exec-2] bank.project.dao.Customer                : Customer account
2023-04-26 14:40:09.380  INFO 19420 --- [http-nio-8084-exec-2] bank.project.dao.BankService             : get accounts by username
2023-04-26 14:40:12.337  INFO 19420 --- [http-nio-8084-exec-6] bank.project.dao.BankService             :  Get by username suspended sann
2023-04-26 14:40:14.007  INFO 19420 --- [http-nio-8084-exec-7] bank.project.dao.BankService             : get by username Active accounts
2023-04-26 14:40:30.828  INFO 19420 --- [http-nio-8084-exec-3] bank.project.dao.BankService             : entered the LoadUserName
2023-04-26 14:40:30.836  INFO 19420 --- [http-nio-8084-exec-3] bank.project.dao.BankService             : entered the LoadUserName
2023-04-26 14:40:30.841  INFO 19420 --- [http-nio-8084-exec-3] Handler$$EnhancerBySpringCGLIB$$9582a180 : org.springframework.security.authentication.BadCredentialsException: Bad credentials
2023-04-26 14:41:24.591  INFO 19420 --- [http-nio-8084-exec-5] bank.project.dao.BankService             : entered the LoadUserName
2023-04-26 14:41:24.595  INFO 19420 --- [http-nio-8084-exec-5] bank.project.dao.BankService             : List Customers by username
2023-04-26 14:41:24.595  INFO 19420 --- [http-nio-8084-exec-5] bank.project.dao.BankService             : Customer(customerId=400, customerName=Rocky, status=active, address=112,mg-road ,Bangalore, contact=9987567452, username=yesh, FailedAttempts=3, password=admin)
2023-04-26 14:41:24.598  INFO 19420 --- [http-nio-8084-exec-5] bank.project.dao.BankService             : set attempts to 3
2023-04-26 14:41:24.670  INFO 19420 --- [http-nio-8084-exec-4] bank.project.dao.Customer                : Customer account
2023-04-26 14:41:24.670  INFO 19420 --- [http-nio-8084-exec-4] bank.project.dao.BankService             : get accounts by username
2023-04-26 14:41:28.712  INFO 19420 --- [http-nio-8084-exec-6] bank.project.dao.Customer                : Customer account
2023-04-26 14:41:28.712  INFO 19420 --- [http-nio-8084-exec-6] bank.project.dao.BankService             : get accounts by username
2023-04-26 14:41:57.458  INFO 19420 --- [http-nio-8084-exec-4] bank.project.dao.BankService             : entered the LoadUserName
2023-04-26 14:41:57.463  INFO 19420 --- [http-nio-8084-exec-4] bank.project.dao.BankService             : List Customers by username
2023-04-26 14:41:57.464  INFO 19420 --- [http-nio-8084-exec-4] bank.project.dao.BankService             : Customer(customerId=400, customerName=Rocky, status=active, address=112,mg-road ,Bangalore, contact=9987567452, username=yesh, FailedAttempts=3, password=admin)
2023-04-26 14:41:57.465  INFO 19420 --- [http-nio-8084-exec-4] bank.project.dao.BankService             : set attempts to 3
2023-04-26 14:41:57.521  INFO 19420 --- [http-nio-8084-exec-2] bank.project.dao.Customer                : Customer account
2023-04-26 14:41:57.521  INFO 19420 --- [http-nio-8084-exec-2] bank.project.dao.BankService             : get accounts by username
2023-04-26 14:41:59.665  INFO 19420 --- [http-nio-8084-exec-6] bank.project.dao.BankService             : get by username Active accounts
2023-04-26 14:42:00.936  INFO 19420 --- [http-nio-8084-exec-8] bank.project.dao.BankService             :  Get by username suspended yesh
2023-04-26 14:42:06.600  INFO 19420 --- [http-nio-8084-exec-5] bank.project.dao.Customer                : Customer account
2023-04-26 14:42:06.600  INFO 19420 --- [http-nio-8084-exec-5] bank.project.dao.BankService             : get accounts by username
2023-04-26 14:43:24.078  INFO 11148 --- [restartedMain] bank.project.app.AppApplication          : Starting AppApplication using Java 1.8.0_292 on WPG02VBBF with PID 11148 (C:\DLTE-FULLSTACKDEVELOPMENT-SURYA\Project\target\classes started by xxnlnnns in C:\DLTE-FULLSTACKDEVELOPMENT-SURYA\Project)
2023-04-26 14:43:24.080  INFO 11148 --- [restartedMain] bank.project.app.AppApplication          : No active profile set, falling back to 1 default profile: "default"
2023-04-26 14:43:24.122  INFO 11148 --- [restartedMain] o.s.b.devtools.restart.ChangeableUrls    : The Class-Path manifest attribute in C:\Users\xxnlnnns\.m2\repository\com\oracle\database\jdbc\ojdbc8\21.5.0.0\ojdbc8-21.5.0.0.jar referenced one or more files that do not exist: file:/C:/Users/xxnlnnns/.m2/repository/com/oracle/database/jdbc/ojdbc8/21.5.0.0/oraclepki.jar
2023-04-26 14:43:24.123  INFO 11148 --- [restartedMain] .e.DevToolsPropertyDefaultsPostProcessor : Devtools property defaults active! Set 'spring.devtools.add-properties' to 'false' to disable
2023-04-26 14:43:24.123  INFO 11148 --- [restartedMain] .e.DevToolsPropertyDefaultsPostProcessor : For additional web related logging consider setting the 'logging.level.web' property to 'DEBUG'
2023-04-26 14:43:24.759  INFO 11148 --- [restartedMain] .s.d.r.c.RepositoryConfigurationDelegate : Bootstrapping Spring Data JDBC repositories in DEFAULT mode.
2023-04-26 14:43:24.769  INFO 11148 --- [restartedMain] .s.d.r.c.RepositoryConfigurationDelegate : Finished Spring Data repository scanning in 7 ms. Found 0 JDBC repository interfaces.
2023-04-26 14:43:24.947  INFO 11148 --- [restartedMain] trationDelegate$BeanPostProcessorChecker : Bean 'configurations' of type [bank.project.app.Configurations$$EnhancerBySpringCGLIB$$879a83e8] is not eligible for getting processed by all BeanPostProcessors (for example: not eligible for auto-proxying)
2023-04-26 14:43:24.948  INFO 11148 --- [restartedMain] trationDelegate$BeanPostProcessorChecker : Bean 'org.springframework.ws.config.annotation.DelegatingWsConfiguration' of type [org.springframework.ws.config.annotation.DelegatingWsConfiguration$$EnhancerBySpringCGLIB$$f69916b1] is not eligible for getting processed by all BeanPostProcessors (for example: not eligible for auto-proxying)
2023-04-26 14:43:24.981  INFO 11148 --- [restartedMain] .w.s.a.s.AnnotationActionEndpointMapping : Supporting [WS-Addressing August 2004, WS-Addressing 1.0]
2023-04-26 14:43:25.192  INFO 11148 --- [restartedMain] o.s.b.w.embedded.tomcat.TomcatWebServer  : Tomcat initialized with port(s): 8084 (http)
2023-04-26 14:43:25.198  INFO 11148 --- [restartedMain] o.apache.catalina.core.StandardService   : Starting service [Tomcat]
2023-04-26 14:43:25.199  INFO 11148 --- [restartedMain] org.apache.catalina.core.StandardEngine  : Starting Servlet engine: [Apache Tomcat/9.0.73]
2023-04-26 14:43:25.244  INFO 11148 --- [restartedMain] o.a.c.c.C.[Tomcat].[localhost].[/]       : Initializing Spring embedded WebApplicationContext
2023-04-26 14:43:25.244  INFO 11148 --- [restartedMain] w.s.c.ServletWebServerApplicationContext : Root WebApplicationContext: initialization completed in 1120 ms
2023-04-26 14:43:25.439  INFO 11148 --- [restartedMain] o.s.s.web.DefaultSecurityFilterChain     : Will secure any request with [org.springframework.security.web.session.DisableEncodeUrlFilter@3906cc0a, org.springframework.security.web.context.request.async.WebAsyncManagerIntegrationFilter@a660a0a, org.springframework.security.web.context.SecurityContextPersistenceFilter@1d0f0391, org.springframework.security.web.header.HeaderWriterFilter@1b4c5eb9, org.springframework.security.web.authentication.logout.LogoutFilter@1f3d9b75, org.springframework.security.web.authentication.UsernamePasswordAuthenticationFilter@27c28232, org.springframework.security.web.savedrequest.RequestCacheAwareFilter@38fbc628, org.springframework.security.web.servletapi.SecurityContextHolderAwareRequestFilter@40de0ba7, org.springframework.security.web.authentication.AnonymousAuthenticationFilter@2d62e3dd, org.springframework.security.web.session.SessionManagementFilter@7b7f4a33, org.springframework.security.web.access.ExceptionTranslationFilter@318cf59a, org.springframework.security.web.access.intercept.FilterSecurityInterceptor@7b202a69]
2023-04-26 14:43:25.750  INFO 11148 --- [restartedMain] com.zaxxer.hikari.HikariDataSource       : HikariPool-1 - Starting...
2023-04-26 14:43:25.751  WARN 11148 --- [restartedMain] com.zaxxer.hikari.util.DriverDataSource  : Registered driver with driverClassName=oracle.jdbc.driver.OracleDriver was not found, trying direct instantiation.
2023-04-26 14:43:25.890  INFO 11148 --- [restartedMain] com.zaxxer.hikari.HikariDataSource       : HikariPool-1 - Start completed.
2023-04-26 14:43:26.012  INFO 11148 --- [restartedMain] o.s.b.d.a.OptionalLiveReloadServer       : LiveReload server is running on port 35729
2023-04-26 14:43:26.043  INFO 11148 --- [restartedMain] o.s.b.w.embedded.tomcat.TomcatWebServer  : Tomcat started on port(s): 8084 (http) with context path ''
2023-04-26 14:43:26.054  INFO 11148 --- [restartedMain] bank.project.app.AppApplication          : Started AppApplication in 2.362 seconds (JVM running for 3.008)
2023-04-26 14:43:30.761  INFO 11148 --- [http-nio-8084-exec-4] o.a.c.c.C.[Tomcat].[localhost].[/]       : Initializing Spring DispatcherServlet 'dispatcherServlet'
2023-04-26 14:43:30.761  INFO 11148 --- [http-nio-8084-exec-4] o.s.web.servlet.DispatcherServlet        : Initializing Servlet 'dispatcherServlet'
2023-04-26 14:43:30.762  INFO 11148 --- [http-nio-8084-exec-4] o.s.web.servlet.DispatcherServlet        : Completed initialization in 1 ms
2023-04-26 14:43:35.911  INFO 11148 --- [http-nio-8084-exec-6] bank.project.dao.BankService             : entered the LoadUserName
2023-04-26 14:43:36.064  INFO 11148 --- [http-nio-8084-exec-6] bank.project.dao.BankService             : List Customers by username
2023-04-26 14:43:36.064  INFO 11148 --- [http-nio-8084-exec-6] bank.project.dao.BankService             : Customer(customerId=400, customerName=Rocky, status=active, address=112,mg-road ,Bangalore, contact=9987567452, username=yesh, FailedAttempts=3, password=admin)
2023-04-26 14:43:36.071  INFO 11148 --- [http-nio-8084-exec-6] bank.project.dao.BankService             : set attempts to 3
2023-04-26 14:43:36.173  INFO 11148 --- [http-nio-8084-exec-8] bank.project.dao.Customer                : Customer account
2023-04-26 14:43:36.174  INFO 11148 --- [http-nio-8084-exec-8] bank.project.dao.BankService             : get accounts by username
2023-04-26 14:43:38.285  INFO 11148 --- [http-nio-8084-exec-5] bank.project.dao.BankService             : get by username Active accounts
2023-04-26 14:43:40.303  INFO 11148 --- [http-nio-8084-exec-10] o.a.c.c.C.[Tomcat].[localhost].[/]       : Initializing Spring MessageDispatcherServlet 'messageDispatcherServlet'
2023-04-26 14:43:40.305  INFO 11148 --- [http-nio-8084-exec-10] o.s.w.t.http.MessageDispatcherServlet    : Initializing Servlet 'messageDispatcherServlet'
2023-04-26 14:43:40.309  INFO 11148 --- [http-nio-8084-exec-10] o.s.ws.soap.saaj.SaajSoapMessageFactory  : Creating SAAJ 1.3 MessageFactory with SOAP 1.1 Protocol
2023-04-26 14:43:40.322  INFO 11148 --- [http-nio-8084-exec-10] o.s.w.t.http.MessageDispatcherServlet    : Completed initialization in 17 ms
2023-04-26 14:43:40.424  INFO 11148 --- [http-nio-8084-exec-10] bank.project.dao.BankService             :  Get by username suspended yesh
2023-04-26 14:43:46.168  INFO 11148 --- [http-nio-8084-exec-2] bank.project.dao.Customer                : Customer account
2023-04-26 14:43:46.169  INFO 11148 --- [http-nio-8084-exec-2] bank.project.dao.BankService             : get accounts by username
2023-04-26 14:51:05.579  INFO 21288 --- [restartedMain] bank.project.app.AppApplication          : Starting AppApplication using Java 1.8.0_292 on WPG02VBBF with PID 21288 (C:\DLTE-FULLSTACKDEVELOPMENT-SURYA\Project\target\classes started by xxnlnnns in C:\DLTE-FULLSTACKDEVELOPMENT-SURYA\Project)
2023-04-26 14:51:05.580  INFO 21288 --- [restartedMain] bank.project.app.AppApplication          : No active profile set, falling back to 1 default profile: "default"
2023-04-26 14:51:05.629  INFO 21288 --- [restartedMain] o.s.b.devtools.restart.ChangeableUrls    : The Class-Path manifest attribute in C:\Users\xxnlnnns\.m2\repository\com\oracle\database\jdbc\ojdbc8\21.5.0.0\ojdbc8-21.5.0.0.jar referenced one or more files that do not exist: file:/C:/Users/xxnlnnns/.m2/repository/com/oracle/database/jdbc/ojdbc8/21.5.0.0/oraclepki.jar
2023-04-26 14:51:05.630  INFO 21288 --- [restartedMain] .e.DevToolsPropertyDefaultsPostProcessor : Devtools property defaults active! Set 'spring.devtools.add-properties' to 'false' to disable
2023-04-26 14:51:05.630  INFO 21288 --- [restartedMain] .e.DevToolsPropertyDefaultsPostProcessor : For additional web related logging consider setting the 'logging.level.web' property to 'DEBUG'
2023-04-26 14:51:06.255  INFO 21288 --- [restartedMain] .s.d.r.c.RepositoryConfigurationDelegate : Bootstrapping Spring Data JDBC repositories in DEFAULT mode.
2023-04-26 14:51:06.264  INFO 21288 --- [restartedMain] .s.d.r.c.RepositoryConfigurationDelegate : Finished Spring Data repository scanning in 7 ms. Found 0 JDBC repository interfaces.
2023-04-26 14:51:06.443  INFO 21288 --- [restartedMain] trationDelegate$BeanPostProcessorChecker : Bean 'configurations' of type [bank.project.app.Configurations$$EnhancerBySpringCGLIB$$db0a8c60] is not eligible for getting processed by all BeanPostProcessors (for example: not eligible for auto-proxying)
2023-04-26 14:51:06.444  INFO 21288 --- [restartedMain] trationDelegate$BeanPostProcessorChecker : Bean 'org.springframework.ws.config.annotation.DelegatingWsConfiguration' of type [org.springframework.ws.config.annotation.DelegatingWsConfiguration$$EnhancerBySpringCGLIB$$4a091f29] is not eligible for getting processed by all BeanPostProcessors (for example: not eligible for auto-proxying)
2023-04-26 14:51:06.480  INFO 21288 --- [restartedMain] .w.s.a.s.AnnotationActionEndpointMapping : Supporting [WS-Addressing August 2004, WS-Addressing 1.0]
2023-04-26 14:51:06.748  INFO 21288 --- [restartedMain] o.s.b.w.embedded.tomcat.TomcatWebServer  : Tomcat initialized with port(s): 8084 (http)
2023-04-26 14:51:06.754  INFO 21288 --- [restartedMain] o.apache.catalina.core.StandardService   : Starting service [Tomcat]
2023-04-26 14:51:06.755  INFO 21288 --- [restartedMain] org.apache.catalina.core.StandardEngine  : Starting Servlet engine: [Apache Tomcat/9.0.73]
2023-04-26 14:51:06.804  INFO 21288 --- [restartedMain] o.a.c.c.C.[Tomcat].[localhost].[/]       : Initializing Spring embedded WebApplicationContext
2023-04-26 14:51:06.804  INFO 21288 --- [restartedMain] w.s.c.ServletWebServerApplicationContext : Root WebApplicationContext: initialization completed in 1173 ms
2023-04-26 14:51:07.008  INFO 21288 --- [restartedMain] o.s.s.web.DefaultSecurityFilterChain     : Will secure any request with [org.springframework.security.web.session.DisableEncodeUrlFilter@d03ac46, org.springframework.security.web.context.request.async.WebAsyncManagerIntegrationFilter@60a7eb0c, org.springframework.security.web.context.SecurityContextPersistenceFilter@2527f989, org.springframework.security.web.header.HeaderWriterFilter@15ffa11a, org.springframework.security.web.authentication.logout.LogoutFilter@257c1cbe, org.springframework.security.web.authentication.UsernamePasswordAuthenticationFilter@7c723775, org.springframework.security.web.savedrequest.RequestCacheAwareFilter@33aa59d2, org.springframework.security.web.servletapi.SecurityContextHolderAwareRequestFilter@27dfc631, org.springframework.security.web.authentication.AnonymousAuthenticationFilter@4c59da42, org.springframework.security.web.session.SessionManagementFilter@3f72a7e9, org.springframework.security.web.access.ExceptionTranslationFilter@3d96c5ea, org.springframework.security.web.access.intercept.FilterSecurityInterceptor@1e9f670a]
2023-04-26 14:51:07.364  INFO 21288 --- [restartedMain] com.zaxxer.hikari.HikariDataSource       : HikariPool-1 - Starting...
2023-04-26 14:51:07.365  WARN 21288 --- [restartedMain] com.zaxxer.hikari.util.DriverDataSource  : Registered driver with driverClassName=oracle.jdbc.driver.OracleDriver was not found, trying direct instantiation.
2023-04-26 14:51:07.517  INFO 21288 --- [restartedMain] com.zaxxer.hikari.HikariDataSource       : HikariPool-1 - Start completed.
2023-04-26 14:51:07.651  INFO 21288 --- [restartedMain] o.s.b.d.a.OptionalLiveReloadServer       : LiveReload server is running on port 35729
2023-04-26 14:51:07.694  INFO 21288 --- [restartedMain] o.s.b.w.embedded.tomcat.TomcatWebServer  : Tomcat started on port(s): 8084 (http) with context path ''
2023-04-26 14:51:07.704  INFO 21288 --- [restartedMain] bank.project.app.AppApplication          : Started AppApplication in 2.588 seconds (JVM running for 3.325)
2023-04-26 14:51:13.488  INFO 21288 --- [http-nio-8084-exec-1] o.a.c.c.C.[Tomcat].[localhost].[/]       : Initializing Spring DispatcherServlet 'dispatcherServlet'
2023-04-26 14:51:13.488  INFO 21288 --- [http-nio-8084-exec-1] o.s.web.servlet.DispatcherServlet        : Initializing Servlet 'dispatcherServlet'
2023-04-26 14:51:13.491  INFO 21288 --- [http-nio-8084-exec-1] o.s.web.servlet.DispatcherServlet        : Completed initialization in 3 ms
2023-04-26 14:51:18.322  INFO 21288 --- [http-nio-8084-exec-9] bank.project.dao.BankService             : entered the LoadUserName
2023-04-26 14:51:18.499  INFO 21288 --- [http-nio-8084-exec-9] bank.project.dao.BankService             : List Customers by username
2023-04-26 14:51:18.499  INFO 21288 --- [http-nio-8084-exec-9] bank.project.dao.BankService             : Customer(customerId=400, customerName=Rocky, status=active, address=112,mg-road ,Bangalore, contact=9987567452, username=yesh, FailedAttempts=3, password=admin)
2023-04-26 14:51:18.510  INFO 21288 --- [http-nio-8084-exec-9] bank.project.dao.BankService             : set attempts to 3
2023-04-26 14:51:18.633  INFO 21288 --- [http-nio-8084-exec-3] bank.project.dao.Customer                : Customer account
2023-04-26 14:51:18.634  INFO 21288 --- [http-nio-8084-exec-3] bank.project.dao.BankService             : get accounts by username
2023-04-26 14:51:20.761  INFO 21288 --- [http-nio-8084-exec-4] bank.project.dao.BankService             : get by username Active accounts
2023-04-26 14:51:23.196  INFO 21288 --- [http-nio-8084-exec-10] o.a.c.c.C.[Tomcat].[localhost].[/]       : Initializing Spring MessageDispatcherServlet 'messageDispatcherServlet'
2023-04-26 14:51:23.196  INFO 21288 --- [http-nio-8084-exec-10] o.s.w.t.http.MessageDispatcherServlet    : Initializing Servlet 'messageDispatcherServlet'
2023-04-26 14:51:23.201  INFO 21288 --- [http-nio-8084-exec-10] o.s.ws.soap.saaj.SaajSoapMessageFactory  : Creating SAAJ 1.3 MessageFactory with SOAP 1.1 Protocol
2023-04-26 14:51:23.214  INFO 21288 --- [http-nio-8084-exec-10] o.s.w.t.http.MessageDispatcherServlet    : Completed initialization in 17 ms
2023-04-26 14:51:23.329  INFO 21288 --- [http-nio-8084-exec-10] bank.project.dao.BankService             :  Get by username suspended yesh
2023-04-26 14:51:30.128  INFO 21288 --- [http-nio-8084-exec-5] bank.project.dao.Customer                : Customer account
2023-04-26 14:51:30.130  INFO 21288 --- [http-nio-8084-exec-5] bank.project.dao.BankService             : get accounts by username
2023-04-26 15:05:30.113  INFO 15336 --- [restartedMain] bank.project.app.AppApplication          : Starting AppApplication using Java 1.8.0_292 on WPG02VBBF with PID 15336 (C:\DLTE-FULLSTACKDEVELOPMENT-SURYA\Project\target\classes started by xxnlnnns in C:\DLTE-FULLSTACKDEVELOPMENT-SURYA\Project)
2023-04-26 15:05:30.115  INFO 15336 --- [restartedMain] bank.project.app.AppApplication          : No active profile set, falling back to 1 default profile: "default"
2023-04-26 15:05:30.176  INFO 15336 --- [restartedMain] o.s.b.devtools.restart.ChangeableUrls    : The Class-Path manifest attribute in C:\Users\xxnlnnns\.m2\repository\com\oracle\database\jdbc\ojdbc8\21.5.0.0\ojdbc8-21.5.0.0.jar referenced one or more files that do not exist: file:/C:/Users/xxnlnnns/.m2/repository/com/oracle/database/jdbc/ojdbc8/21.5.0.0/oraclepki.jar
2023-04-26 15:05:30.177  INFO 15336 --- [restartedMain] .e.DevToolsPropertyDefaultsPostProcessor : Devtools property defaults active! Set 'spring.devtools.add-properties' to 'false' to disable
2023-04-26 15:05:30.177  INFO 15336 --- [restartedMain] .e.DevToolsPropertyDefaultsPostProcessor : For additional web related logging consider setting the 'logging.level.web' property to 'DEBUG'
2023-04-26 15:05:30.823  INFO 15336 --- [restartedMain] .s.d.r.c.RepositoryConfigurationDelegate : Bootstrapping Spring Data JDBC repositories in DEFAULT mode.
2023-04-26 15:05:30.833  INFO 15336 --- [restartedMain] .s.d.r.c.RepositoryConfigurationDelegate : Finished Spring Data repository scanning in 7 ms. Found 0 JDBC repository interfaces.
2023-04-26 15:05:31.024  INFO 15336 --- [restartedMain] trationDelegate$BeanPostProcessorChecker : Bean 'configurations' of type [bank.project.app.Configurations$$EnhancerBySpringCGLIB$$cc2510dc] is not eligible for getting processed by all BeanPostProcessors (for example: not eligible for auto-proxying)
2023-04-26 15:05:31.025  INFO 15336 --- [restartedMain] trationDelegate$BeanPostProcessorChecker : Bean 'org.springframework.ws.config.annotation.DelegatingWsConfiguration' of type [org.springframework.ws.config.annotation.DelegatingWsConfiguration$$EnhancerBySpringCGLIB$$3b23a3a5] is not eligible for getting processed by all BeanPostProcessors (for example: not eligible for auto-proxying)
2023-04-26 15:05:31.060  INFO 15336 --- [restartedMain] .w.s.a.s.AnnotationActionEndpointMapping : Supporting [WS-Addressing August 2004, WS-Addressing 1.0]
2023-04-26 15:05:31.288  INFO 15336 --- [restartedMain] o.s.b.w.embedded.tomcat.TomcatWebServer  : Tomcat initialized with port(s): 8084 (http)
2023-04-26 15:05:31.293  INFO 15336 --- [restartedMain] o.apache.catalina.core.StandardService   : Starting service [Tomcat]
2023-04-26 15:05:31.294  INFO 15336 --- [restartedMain] org.apache.catalina.core.StandardEngine  : Starting Servlet engine: [Apache Tomcat/9.0.73]
2023-04-26 15:05:31.349  INFO 15336 --- [restartedMain] o.a.c.c.C.[Tomcat].[localhost].[/]       : Initializing Spring embedded WebApplicationContext
2023-04-26 15:05:31.350  INFO 15336 --- [restartedMain] w.s.c.ServletWebServerApplicationContext : Root WebApplicationContext: initialization completed in 1173 ms
2023-04-26 15:05:31.593  INFO 15336 --- [restartedMain] o.s.s.web.DefaultSecurityFilterChain     : Will secure any request with [org.springframework.security.web.session.DisableEncodeUrlFilter@18c61e52, org.springframework.security.web.context.request.async.WebAsyncManagerIntegrationFilter@2d3f0c06, org.springframework.security.web.context.SecurityContextPersistenceFilter@490a5aec, org.springframework.security.web.header.HeaderWriterFilter@6094b23e, org.springframework.security.web.authentication.logout.LogoutFilter@1d237d72, org.springframework.security.web.authentication.UsernamePasswordAuthenticationFilter@13e4d511, org.springframework.security.web.savedrequest.RequestCacheAwareFilter@6bf65b36, org.springframework.security.web.servletapi.SecurityContextHolderAwareRequestFilter@2c4649a3, org.springframework.security.web.authentication.AnonymousAuthenticationFilter@58478b96, org.springframework.security.web.session.SessionManagementFilter@2bf7c00, org.springframework.security.web.access.ExceptionTranslationFilter@160e3384, org.springframework.security.web.access.intercept.FilterSecurityInterceptor@4cdd2450]
2023-04-26 15:05:31.975  INFO 15336 --- [restartedMain] com.zaxxer.hikari.HikariDataSource       : HikariPool-1 - Starting...
2023-04-26 15:05:31.977  WARN 15336 --- [restartedMain] com.zaxxer.hikari.util.DriverDataSource  : Registered driver with driverClassName=oracle.jdbc.driver.OracleDriver was not found, trying direct instantiation.
2023-04-26 15:05:32.140  INFO 15336 --- [restartedMain] com.zaxxer.hikari.HikariDataSource       : HikariPool-1 - Start completed.
2023-04-26 15:05:32.305  INFO 15336 --- [restartedMain] o.s.b.d.a.OptionalLiveReloadServer       : LiveReload server is running on port 35729
2023-04-26 15:05:32.335  INFO 15336 --- [restartedMain] o.s.b.w.embedded.tomcat.TomcatWebServer  : Tomcat started on port(s): 8084 (http) with context path ''
2023-04-26 15:05:32.348  INFO 15336 --- [restartedMain] bank.project.app.AppApplication          : Started AppApplication in 2.642 seconds (JVM running for 3.407)
2023-04-26 15:05:38.550  INFO 15336 --- [http-nio-8084-exec-1] o.a.c.c.C.[Tomcat].[localhost].[/]       : Initializing Spring DispatcherServlet 'dispatcherServlet'
2023-04-26 15:05:38.551  INFO 15336 --- [http-nio-8084-exec-1] o.s.web.servlet.DispatcherServlet        : Initializing Servlet 'dispatcherServlet'
2023-04-26 15:05:38.554  INFO 15336 --- [http-nio-8084-exec-1] o.s.web.servlet.DispatcherServlet        : Completed initialization in 3 ms
2023-04-26 15:05:38.565  INFO 15336 --- [http-nio-8084-exec-1] bank.project.dao.BankService             : entered the LoadUserName
2023-04-26 15:05:38.675  INFO 15336 --- [http-nio-8084-exec-1] bank.project.dao.BankService             : List Customers by username
2023-04-26 15:05:38.676  INFO 15336 --- [http-nio-8084-exec-1] bank.project.dao.BankService             : Customer(customerId=400, customerName=Rocky, status=active, address=112,mg-road ,Bangalore, contact=9987567452, username=yesh, FailedAttempts=3, password=admin)
2023-04-26 15:05:38.682  INFO 15336 --- [http-nio-8084-exec-1] bank.project.dao.BankService             : set attempts to 3
2023-04-26 15:05:39.068  INFO 15336 --- [http-nio-8084-exec-3] bank.project.dao.Customer                : Customer account
2023-04-26 15:05:39.068  INFO 15336 --- [http-nio-8084-exec-3] bank.project.dao.BankService             : get accounts by username
2023-04-26 15:05:41.577  INFO 15336 --- [http-nio-8084-exec-6] o.a.c.c.C.[Tomcat].[localhost].[/]       : Initializing Spring MessageDispatcherServlet 'messageDispatcherServlet'
2023-04-26 15:05:41.577  INFO 15336 --- [http-nio-8084-exec-6] o.s.w.t.http.MessageDispatcherServlet    : Initializing Servlet 'messageDispatcherServlet'
2023-04-26 15:05:41.581  INFO 15336 --- [http-nio-8084-exec-6] o.s.ws.soap.saaj.SaajSoapMessageFactory  : Creating SAAJ 1.3 MessageFactory with SOAP 1.1 Protocol
2023-04-26 15:05:41.594  INFO 15336 --- [http-nio-8084-exec-6] o.s.w.t.http.MessageDispatcherServlet    : Completed initialization in 17 ms
2023-04-26 15:05:41.698  INFO 15336 --- [http-nio-8084-exec-6] bank.project.dao.BankService             :  Get by username suspended yesh
2023-04-26 15:05:45.243  INFO 15336 --- [http-nio-8084-exec-8] bank.project.dao.BankService             : get by username Active accounts
2023-04-26 15:05:58.155  INFO 15336 --- [http-nio-8084-exec-2] bank.project.dao.BankService             : entered the LoadUserName
2023-04-26 15:05:58.157  INFO 15336 --- [http-nio-8084-exec-2] bank.project.dao.BankService             : List Customers by username
2023-04-26 15:05:58.158  INFO 15336 --- [http-nio-8084-exec-2] bank.project.dao.BankService             : Customer(customerId=403, customerName=Nik, status=active, address=Mg-road Mangalore, contact=987463899, username=nikh, FailedAttempts=3, password=admin)
2023-04-26 15:05:58.159  INFO 15336 --- [http-nio-8084-exec-2] bank.project.dao.BankService             : set attempts to 3
2023-04-26 15:05:58.225  INFO 15336 --- [http-nio-8084-exec-6] bank.project.dao.Customer                : Customer account
2023-04-26 15:05:58.225  INFO 15336 --- [http-nio-8084-exec-6] bank.project.dao.BankService             : get accounts by username
2023-04-26 15:06:01.212  INFO 15336 --- [http-nio-8084-exec-8] bank.project.dao.BankService             : get by username Active accounts
2023-04-26 15:18:31.436  INFO 15336 --- [http-nio-8084-exec-9] bank.project.dao.BankService             : get by username Active accounts
2023-04-26 15:18:34.292  INFO 15336 --- [http-nio-8084-exec-1] bank.project.dao.BankService             :  Get by username suspended nikh
2023-04-26 15:18:35.977  INFO 15336 --- [http-nio-8084-exec-2] bank.project.dao.BankService             :  Get by username suspended nikh
2023-04-26 15:50:54.562  INFO 15336 --- [http-nio-8084-exec-9] bank.project.dao.BankService             : entered the LoadUserName
2023-04-26 15:50:54.590  INFO 15336 --- [http-nio-8084-exec-9] bank.project.dao.BankService             : List Customers by username
2023-04-26 15:50:54.591  INFO 15336 --- [http-nio-8084-exec-9] bank.project.dao.BankService             : Customer(customerId=402, customerName=San, status=active, address=Blore, contact=996880123, username=sann, FailedAttempts=3, password=admin)
2023-04-26 15:50:54.597  INFO 15336 --- [http-nio-8084-exec-9] bank.project.dao.BankService             : set attempts to 3
2023-04-26 15:50:54.747  INFO 15336 --- [http-nio-8084-exec-2] bank.project.dao.Customer                : Customer account
2023-04-26 15:50:54.748  INFO 15336 --- [http-nio-8084-exec-2] bank.project.dao.BankService             : get accounts by username
2023-04-26 15:51:02.714  INFO 15336 --- [http-nio-8084-exec-3] bank.project.dao.BankService             : get by username Active accounts
2023-04-26 15:51:08.075  INFO 15336 --- [http-nio-8084-exec-6] bank.project.dao.BankService             :  Get by username suspended sann
2023-04-26 15:51:22.679  INFO 15336 --- [http-nio-8084-exec-10] bank.project.dao.Customer                : Customer account
2023-04-26 15:51:22.681  INFO 15336 --- [http-nio-8084-exec-10] bank.project.dao.BankService             : get accounts by username
