[31m2023-03-21 16:50:59,043[0;39m [32m[INFO][0;39m com.exg.demo.DemoApplication restartedMain [32mStarting DemoApplication using Java 1.8.0_292 on WPG02VBBF with PID 8772 (C:\DLTE-FULLSTACKDEVELOPMENT-SURYA\DLTE-Spring-SpringJDBCTemplate\target\classes started by xxnlnnns in C:\DLTE-FULLSTACKDEVELOPMENT-SURYA\DLTE-Spring-SpringJDBCTemplate)
[0;39m[31m2023-03-21 16:50:59,043[0;39m [32m[INFO][0;39m com.exg.demo.DemoApplication restartedMain [32mNo active profile set, falling back to 1 default profile: "default"
[0;39m[31m2023-03-21 16:50:59,074[0;39m [32m[INFO][0;39m org.springframework.boot.devtools.restart.ChangeableUrls restartedMain [32mThe Class-Path manifest attribute in C:\Users\xxnlnnns\.m2\repository\com\oracle\database\jdbc\ojdbc8\21.5.0.0\ojdbc8-21.5.0.0.jar referenced one or more files that do not exist: file:/C:/Users/xxnlnnns/.m2/repository/com/oracle/database/jdbc/ojdbc8/21.5.0.0/oraclepki.jar
[0;39m[31m2023-03-21 16:50:59,074[0;39m [32m[INFO][0;39m org.springframework.boot.devtools.env.DevToolsPropertyDefaultsPostProcessor restartedMain [32mDevtools property defaults active! Set 'spring.devtools.add-properties' to 'false' to disable
[0;39m[31m2023-03-21 16:50:59,074[0;39m [32m[INFO][0;39m org.springframework.boot.devtools.env.DevToolsPropertyDefaultsPostProcessor restartedMain [32mFor additional web related logging consider setting the 'logging.level.web' property to 'DEBUG'
[0;39m[31m2023-03-21 16:50:59,483[0;39m [32m[INFO][0;39m org.springframework.data.repository.config.RepositoryConfigurationDelegate restartedMain [32mBootstrapping Spring Data JDBC repositories in DEFAULT mode.
[0;39m[31m2023-03-21 16:50:59,499[0;39m [32m[INFO][0;39m org.springframework.data.repository.config.RepositoryConfigurationDelegate restartedMain [32mFinished Spring Data repository scanning in 5 ms. Found 0 JDBC repository interfaces.
[0;39m[31m2023-03-21 16:50:59,798[0;39m [32m[INFO][0;39m org.springframework.boot.web.embedded.tomcat.TomcatWebServer restartedMain [32mTomcat initialized with port(s): 8082 (http)
[0;39m[31m2023-03-21 16:50:59,814[0;39m [32m[INFO][0;39m org.apache.catalina.core.StandardService restartedMain [32mStarting service [Tomcat]
[0;39m[31m2023-03-21 16:50:59,814[0;39m [32m[INFO][0;39m org.apache.catalina.core.StandardEngine restartedMain [32mStarting Servlet engine: [Apache Tomcat/9.0.71]
[0;39m[31m2023-03-21 16:50:59,845[0;39m [32m[INFO][0;39m org.apache.catalina.core.ContainerBase.[Tomcat].[localhost].[/] restartedMain [32mInitializing Spring embedded WebApplicationContext
[0;39m[31m2023-03-21 16:50:59,845[0;39m [32m[INFO][0;39m org.springframework.boot.web.servlet.context.ServletWebServerApplicationContext restartedMain [32mRoot WebApplicationContext: initialization completed in 771 ms
[0;39m[31m2023-03-21 16:51:00,190[0;39m [32m[INFO][0;39m com.zaxxer.hikari.HikariDataSource restartedMain [32mHikariPool-1 - Starting...
[0;39m[31m2023-03-21 16:51:00,190[0;39m [32m[WARN][0;39m com.zaxxer.hikari.util.DriverDataSource restartedMain [32mRegistered driver with driverClassName=oracle.jdbc.driver.OracleDriver was not found, trying direct instantiation.
[0;39m[31m2023-03-21 16:51:00,504[0;39m [32m[INFO][0;39m com.zaxxer.hikari.HikariDataSource restartedMain [32mHikariPool-1 - Start completed.
[0;39m[31m2023-03-21 16:51:00,598[0;39m [32m[INFO][0;39m org.springframework.boot.devtools.autoconfigure.OptionalLiveReloadServer restartedMain [32mLiveReload server is running on port 35729
[0;39m[31m2023-03-21 16:51:00,631[0;39m [32m[INFO][0;39m org.springframework.boot.web.embedded.tomcat.TomcatWebServer restartedMain [32mTomcat started on port(s): 8082 (http) with context path ''
[0;39m[31m2023-03-21 16:51:00,645[0;39m [32m[INFO][0;39m com.exg.demo.DemoApplication restartedMain [32mStarted DemoApplication in 1.859 seconds (JVM running for 3.166)
[0;39m[31m2023-03-21 17:38:05,546[0;39m [32m[INFO][0;39m com.exg.demo.DemoApplication restartedMain [32mStarting DemoApplication using Java 1.8.0_292 on WPG02VBBF with PID 12920 (C:\DLTE-FULLSTACKDEVELOPMENT-SURYA\DLTE-Spring-SpringJDBCTemplate\target\classes started by xxnlnnns in C:\DLTE-FULLSTACKDEVELOPMENT-SURYA\DLTE-Spring-SpringJDBCTemplate)
[0;39m[31m2023-03-21 17:38:05,546[0;39m [32m[INFO][0;39m com.exg.demo.DemoApplication restartedMain [32mNo active profile set, falling back to 1 default profile: "default"
[0;39m[31m2023-03-21 17:38:05,577[0;39m [32m[INFO][0;39m org.springframework.boot.devtools.restart.ChangeableUrls restartedMain [32mThe Class-Path manifest attribute in C:\Users\xxnlnnns\.m2\repository\com\oracle\database\jdbc\ojdbc8\21.5.0.0\ojdbc8-21.5.0.0.jar referenced one or more files that do not exist: file:/C:/Users/xxnlnnns/.m2/repository/com/oracle/database/jdbc/ojdbc8/21.5.0.0/oraclepki.jar
[0;39m[31m2023-03-21 17:38:05,577[0;39m [32m[INFO][0;39m org.springframework.boot.devtools.env.DevToolsPropertyDefaultsPostProcessor restartedMain [32mDevtools property defaults active! Set 'spring.devtools.add-properties' to 'false' to disable
[0;39m[31m2023-03-21 17:38:05,577[0;39m [32m[INFO][0;39m org.springframework.boot.devtools.env.DevToolsPropertyDefaultsPostProcessor restartedMain [32mFor additional web related logging consider setting the 'logging.level.web' property to 'DEBUG'
[0;39m[31m2023-03-21 17:38:06,096[0;39m [32m[INFO][0;39m org.springframework.data.repository.config.RepositoryConfigurationDelegate restartedMain [32mBootstrapping Spring Data JDBC repositories in DEFAULT mode.
[0;39m[31m2023-03-21 17:38:06,112[0;39m [32m[INFO][0;39m org.springframework.data.repository.config.RepositoryConfigurationDelegate restartedMain [32mFinished Spring Data repository scanning in 6 ms. Found 0 JDBC repository interfaces.
[0;39m[31m2023-03-21 17:38:06,571[0;39m [32m[INFO][0;39m org.springframework.boot.web.embedded.tomcat.TomcatWebServer restartedMain [32mTomcat initialized with port(s): 8082 (http)
[0;39m[31m2023-03-21 17:38:06,571[0;39m [32m[INFO][0;39m org.apache.catalina.core.StandardService restartedMain [32mStarting service [Tomcat]
[0;39m[31m2023-03-21 17:38:06,571[0;39m [32m[INFO][0;39m org.apache.catalina.core.StandardEngine restartedMain [32mStarting Servlet engine: [Apache Tomcat/9.0.71]
[0;39m[31m2023-03-21 17:38:06,636[0;39m [32m[INFO][0;39m org.apache.catalina.core.ContainerBase.[Tomcat].[localhost].[/] restartedMain [32mInitializing Spring embedded WebApplicationContext
[0;39m[31m2023-03-21 17:38:06,636[0;39m [32m[INFO][0;39m org.springframework.boot.web.servlet.context.ServletWebServerApplicationContext restartedMain [32mRoot WebApplicationContext: initialization completed in 1059 ms
[0;39m[31m2023-03-21 17:38:07,031[0;39m [32m[INFO][0;39m com.zaxxer.hikari.HikariDataSource restartedMain [32mHikariPool-1 - Starting...
[0;39m[31m2023-03-21 17:38:07,031[0;39m [32m[WARN][0;39m com.zaxxer.hikari.util.DriverDataSource restartedMain [32mRegistered driver with driverClassName=oracle.jdbc.driver.OracleDriver was not found, trying direct instantiation.
[0;39m[31m2023-03-21 17:38:07,361[0;39m [32m[INFO][0;39m com.zaxxer.hikari.HikariDataSource restartedMain [32mHikariPool-1 - Start completed.
[0;39m[31m2023-03-21 17:38:07,457[0;39m [32m[INFO][0;39m org.springframework.boot.devtools.autoconfigure.OptionalLiveReloadServer restartedMain [32mLiveReload server is running on port 35729
[0;39m[31m2023-03-21 17:38:07,493[0;39m [32m[INFO][0;39m org.springframework.boot.web.embedded.tomcat.TomcatWebServer restartedMain [32mTomcat started on port(s): 8082 (http) with context path ''
[0;39m[31m2023-03-21 17:38:07,504[0;39m [32m[INFO][0;39m com.exg.demo.DemoApplication restartedMain [32mStarted DemoApplication in 2.309 seconds (JVM running for 4.675)
[0;39m[31m2023-03-21 17:38:11,853[0;39m [32m[INFO][0;39m org.apache.catalina.core.ContainerBase.[Tomcat].[localhost].[/] http-nio-8082-exec-2 [32mInitializing Spring DispatcherServlet 'dispatcherServlet'
[0;39m[31m2023-03-21 17:38:11,853[0;39m [32m[INFO][0;39m org.springframework.web.servlet.DispatcherServlet http-nio-8082-exec-2 [32mInitializing Servlet 'dispatcherServlet'
[0;39m[31m2023-03-21 17:38:11,853[0;39m [32m[INFO][0;39m org.springframework.web.servlet.DispatcherServlet http-nio-8082-exec-2 [32mCompleted initialization in 0 ms
[0;39m[31m2023-03-21 17:40:13,596[0;39m [32m[INFO][0;39m com.exg.demo.DemoApplication restartedMain [32mStarting DemoApplication using Java 1.8.0_292 on WPG02VBBF with PID 22496 (C:\DLTE-FULLSTACKDEVELOPMENT-SURYA\DLTE-Spring-SpringJDBCTemplate\target\classes started by xxnlnnns in C:\DLTE-FULLSTACKDEVELOPMENT-SURYA\DLTE-Spring-SpringJDBCTemplate)
[0;39m[31m2023-03-21 17:40:13,596[0;39m [32m[INFO][0;39m com.exg.demo.DemoApplication restartedMain [32mNo active profile set, falling back to 1 default profile: "default"
[0;39m[31m2023-03-21 17:40:13,627[0;39m [32m[INFO][0;39m org.springframework.boot.devtools.restart.ChangeableUrls restartedMain [32mThe Class-Path manifest attribute in C:\Users\xxnlnnns\.m2\repository\com\oracle\database\jdbc\ojdbc8\21.5.0.0\ojdbc8-21.5.0.0.jar referenced one or more files that do not exist: file:/C:/Users/xxnlnnns/.m2/repository/com/oracle/database/jdbc/ojdbc8/21.5.0.0/oraclepki.jar
[0;39m[31m2023-03-21 17:40:13,627[0;39m [32m[INFO][0;39m org.springframework.boot.devtools.env.DevToolsPropertyDefaultsPostProcessor restartedMain [32mDevtools property defaults active! Set 'spring.devtools.add-properties' to 'false' to disable
[0;39m[31m2023-03-21 17:40:13,627[0;39m [32m[INFO][0;39m org.springframework.boot.devtools.env.DevToolsPropertyDefaultsPostProcessor restartedMain [32mFor additional web related logging consider setting the 'logging.level.web' property to 'DEBUG'
[0;39m[31m2023-03-21 17:40:14,135[0;39m [32m[INFO][0;39m org.springframework.data.repository.config.RepositoryConfigurationDelegate restartedMain [32mBootstrapping Spring Data JDBC repositories in DEFAULT mode.
[0;39m[31m2023-03-21 17:40:14,146[0;39m [32m[INFO][0;39m org.springframework.data.repository.config.RepositoryConfigurationDelegate restartedMain [32mFinished Spring Data repository scanning in 4 ms. Found 0 JDBC repository interfaces.
[0;39m[31m2023-03-21 17:40:14,501[0;39m [32m[INFO][0;39m org.springframework.boot.web.embedded.tomcat.TomcatWebServer restartedMain [32mTomcat initialized with port(s): 8082 (http)
[0;39m[31m2023-03-21 17:40:14,508[0;39m [32m[INFO][0;39m org.apache.catalina.core.StandardService restartedMain [32mStarting service [Tomcat]
[0;39m[31m2023-03-21 17:40:14,508[0;39m [32m[INFO][0;39m org.apache.catalina.core.StandardEngine restartedMain [32mStarting Servlet engine: [Apache Tomcat/9.0.71]
[0;39m[31m2023-03-21 17:40:14,555[0;39m [32m[INFO][0;39m org.apache.catalina.core.ContainerBase.[Tomcat].[localhost].[/] restartedMain [32mInitializing Spring embedded WebApplicationContext
[0;39m[31m2023-03-21 17:40:14,555[0;39m [32m[INFO][0;39m org.springframework.boot.web.servlet.context.ServletWebServerApplicationContext restartedMain [32mRoot WebApplicationContext: initialization completed in 928 ms
[0;39m[31m2023-03-21 17:40:14,860[0;39m [32m[INFO][0;39m com.zaxxer.hikari.HikariDataSource restartedMain [32mHikariPool-1 - Starting...
[0;39m[31m2023-03-21 17:40:14,862[0;39m [32m[WARN][0;39m com.zaxxer.hikari.util.DriverDataSource restartedMain [32mRegistered driver with driverClassName=oracle.jdbc.driver.OracleDriver was not found, trying direct instantiation.
[0;39m[31m2023-03-21 17:40:15,058[0;39m [32m[INFO][0;39m com.zaxxer.hikari.HikariDataSource restartedMain [32mHikariPool-1 - Start completed.
[0;39m[31m2023-03-21 17:40:15,153[0;39m [32m[INFO][0;39m org.springframework.boot.devtools.autoconfigure.OptionalLiveReloadServer restartedMain [32mLiveReload server is running on port 35729
[0;39m[31m2023-03-21 17:40:15,169[0;39m [32m[INFO][0;39m org.springframework.boot.web.embedded.tomcat.TomcatWebServer restartedMain [32mTomcat started on port(s): 8082 (http) with context path ''
[0;39m[31m2023-03-21 17:40:15,184[0;39m [32m[INFO][0;39m com.exg.demo.DemoApplication restartedMain [32mStarted DemoApplication in 1.91 seconds (JVM running for 2.569)
[0;39m[31m2023-03-21 17:40:21,463[0;39m [32m[INFO][0;39m org.apache.catalina.core.ContainerBase.[Tomcat].[localhost].[/] http-nio-8082-exec-1 [32mInitializing Spring DispatcherServlet 'dispatcherServlet'
[0;39m[31m2023-03-21 17:40:21,463[0;39m [32m[INFO][0;39m org.springframework.web.servlet.DispatcherServlet http-nio-8082-exec-1 [32mInitializing Servlet 'dispatcherServlet'
[0;39m[31m2023-03-21 17:40:21,463[0;39m [32m[INFO][0;39m org.springframework.web.servlet.DispatcherServlet http-nio-8082-exec-1 [32mCompleted initialization in 0 ms
[0;39m[31m2023-03-21 17:45:33,853[0;39m [32m[INFO][0;39m com.exg.demo.DemoApplication restartedMain [32mStarting DemoApplication using Java 1.8.0_292 on WPG02VBBF with PID 7060 (C:\DLTE-FULLSTACKDEVELOPMENT-SURYA\DLTE-Spring-SpringJDBCTemplate\target\classes started by xxnlnnns in C:\DLTE-FULLSTACKDEVELOPMENT-SURYA\DLTE-Spring-SpringJDBCTemplate)
[0;39m[31m2023-03-21 17:45:33,853[0;39m [32m[INFO][0;39m com.exg.demo.DemoApplication restartedMain [32mNo active profile set, falling back to 1 default profile: "default"
[0;39m[31m2023-03-21 17:45:33,900[0;39m [32m[INFO][0;39m org.springframework.boot.devtools.restart.ChangeableUrls restartedMain [32mThe Class-Path manifest attribute in C:\Users\xxnlnnns\.m2\repository\com\oracle\database\jdbc\ojdbc8\21.5.0.0\ojdbc8-21.5.0.0.jar referenced one or more files that do not exist: file:/C:/Users/xxnlnnns/.m2/repository/com/oracle/database/jdbc/ojdbc8/21.5.0.0/oraclepki.jar
[0;39m[31m2023-03-21 17:45:33,900[0;39m [32m[INFO][0;39m org.springframework.boot.devtools.env.DevToolsPropertyDefaultsPostProcessor restartedMain [32mDevtools property defaults active! Set 'spring.devtools.add-properties' to 'false' to disable
[0;39m[31m2023-03-21 17:45:33,900[0;39m [32m[INFO][0;39m org.springframework.boot.devtools.env.DevToolsPropertyDefaultsPostProcessor restartedMain [32mFor additional web related logging consider setting the 'logging.level.web' property to 'DEBUG'
[0;39m[31m2023-03-21 17:45:34,436[0;39m [32m[INFO][0;39m org.springframework.data.repository.config.RepositoryConfigurationDelegate restartedMain [32mBootstrapping Spring Data JDBC repositories in DEFAULT mode.
[0;39m[31m2023-03-21 17:45:34,452[0;39m [32m[INFO][0;39m org.springframework.data.repository.config.RepositoryConfigurationDelegate restartedMain [32mFinished Spring Data repository scanning in 7 ms. Found 0 JDBC repository interfaces.
[0;39m[31m2023-03-21 17:45:34,863[0;39m [32m[INFO][0;39m org.springframework.boot.web.embedded.tomcat.TomcatWebServer restartedMain [32mTomcat initialized with port(s): 8082 (http)
[0;39m[31m2023-03-21 17:45:34,879[0;39m [32m[INFO][0;39m org.apache.catalina.core.StandardService restartedMain [32mStarting service [Tomcat]
[0;39m[31m2023-03-21 17:45:34,879[0;39m [32m[INFO][0;39m org.apache.catalina.core.StandardEngine restartedMain [32mStarting Servlet engine: [Apache Tomcat/9.0.71]
[0;39m[31m2023-03-21 17:45:34,926[0;39m [32m[INFO][0;39m org.apache.catalina.core.ContainerBase.[Tomcat].[localhost].[/] restartedMain [32mInitializing Spring embedded WebApplicationContext
[0;39m[31m2023-03-21 17:45:34,926[0;39m [32m[INFO][0;39m org.springframework.boot.web.servlet.context.ServletWebServerApplicationContext restartedMain [32mRoot WebApplicationContext: initialization completed in 1026 ms
[0;39m[31m2023-03-21 17:45:35,226[0;39m [32m[INFO][0;39m com.zaxxer.hikari.HikariDataSource restartedMain [32mHikariPool-1 - Starting...
[0;39m[31m2023-03-21 17:45:35,226[0;39m [32m[WARN][0;39m com.zaxxer.hikari.util.DriverDataSource restartedMain [32mRegistered driver with driverClassName=oracle.jdbc.driver.OracleDriver was not found, trying direct instantiation.
[0;39m[31m2023-03-21 17:45:35,447[0;39m [32m[INFO][0;39m com.zaxxer.hikari.HikariDataSource restartedMain [32mHikariPool-1 - Start completed.
[0;39m[31m2023-03-21 17:45:35,525[0;39m [32m[INFO][0;39m org.springframework.boot.devtools.autoconfigure.OptionalLiveReloadServer restartedMain [32mLiveReload server is running on port 35729
[0;39m[31m2023-03-21 17:45:35,544[0;39m [32m[INFO][0;39m org.springframework.boot.web.embedded.tomcat.TomcatWebServer restartedMain [32mTomcat started on port(s): 8082 (http) with context path ''
[0;39m[31m2023-03-21 17:45:35,557[0;39m [32m[INFO][0;39m com.exg.demo.DemoApplication restartedMain [32mStarted DemoApplication in 2.018 seconds (JVM running for 2.719)
[0;39m[31m2023-03-21 17:46:00,128[0;39m [32m[INFO][0;39m org.apache.catalina.core.ContainerBase.[Tomcat].[localhost].[/] http-nio-8082-exec-5 [32mInitializing Spring DispatcherServlet 'dispatcherServlet'
[0;39m[31m2023-03-21 17:46:00,128[0;39m [32m[INFO][0;39m org.springframework.web.servlet.DispatcherServlet http-nio-8082-exec-5 [32mInitializing Servlet 'dispatcherServlet'
[0;39m[31m2023-03-21 17:46:00,136[0;39m [32m[INFO][0;39m org.springframework.web.servlet.DispatcherServlet http-nio-8082-exec-5 [32mCompleted initialization in 8 ms
[0;39m[31m2023-03-21 17:56:11,598[0;39m [32m[INFO][0;39m com.exg.demo.DemoApplication restartedMain [32mStarting DemoApplication using Java 1.8.0_292 on WPG02VBBF with PID 18040 (C:\DLTE-FULLSTACKDEVELOPMENT-SURYA\DLTE-Spring-SpringJDBCTemplate\target\classes started by xxnlnnns in C:\DLTE-FULLSTACKDEVELOPMENT-SURYA\DLTE-Spring-SpringJDBCTemplate)
[0;39m[31m2023-03-21 17:56:11,602[0;39m [32m[INFO][0;39m com.exg.demo.DemoApplication restartedMain [32mNo active profile set, falling back to 1 default profile: "default"
[0;39m[31m2023-03-21 17:56:11,643[0;39m [32m[INFO][0;39m org.springframework.boot.devtools.restart.ChangeableUrls restartedMain [32mThe Class-Path manifest attribute in C:\Users\xxnlnnns\.m2\repository\com\oracle\database\jdbc\ojdbc8\21.5.0.0\ojdbc8-21.5.0.0.jar referenced one or more files that do not exist: file:/C:/Users/xxnlnnns/.m2/repository/com/oracle/database/jdbc/ojdbc8/21.5.0.0/oraclepki.jar
[0;39m[31m2023-03-21 17:56:11,643[0;39m [32m[INFO][0;39m org.springframework.boot.devtools.env.DevToolsPropertyDefaultsPostProcessor restartedMain [32mDevtools property defaults active! Set 'spring.devtools.add-properties' to 'false' to disable
[0;39m[31m2023-03-21 17:56:11,643[0;39m [32m[INFO][0;39m org.springframework.boot.devtools.env.DevToolsPropertyDefaultsPostProcessor restartedMain [32mFor additional web related logging consider setting the 'logging.level.web' property to 'DEBUG'
[0;39m[31m2023-03-21 17:56:12,148[0;39m [32m[INFO][0;39m org.springframework.data.repository.config.RepositoryConfigurationDelegate restartedMain [32mBootstrapping Spring Data JDBC repositories in DEFAULT mode.
[0;39m[31m2023-03-21 17:56:12,164[0;39m [32m[INFO][0;39m org.springframework.data.repository.config.RepositoryConfigurationDelegate restartedMain [32mFinished Spring Data repository scanning in 5 ms. Found 0 JDBC repository interfaces.
[0;39m[31m2023-03-21 17:56:12,587[0;39m [32m[INFO][0;39m org.springframework.boot.web.embedded.tomcat.TomcatWebServer restartedMain [32mTomcat initialized with port(s): 8082 (http)
[0;39m[31m2023-03-21 17:56:12,587[0;39m [32m[INFO][0;39m org.apache.catalina.core.StandardService restartedMain [32mStarting service [Tomcat]
[0;39m[31m2023-03-21 17:56:12,599[0;39m [32m[INFO][0;39m org.apache.catalina.core.StandardEngine restartedMain [32mStarting Servlet engine: [Apache Tomcat/9.0.71]
[0;39m[31m2023-03-21 17:56:12,635[0;39m [32m[INFO][0;39m org.apache.catalina.core.ContainerBase.[Tomcat].[localhost].[/] restartedMain [32mInitializing Spring embedded WebApplicationContext
[0;39m[31m2023-03-21 17:56:12,635[0;39m [32m[INFO][0;39m org.springframework.boot.web.servlet.context.ServletWebServerApplicationContext restartedMain [32mRoot WebApplicationContext: initialization completed in 992 ms
[0;39m[31m2023-03-21 17:56:13,008[0;39m [32m[INFO][0;39m com.zaxxer.hikari.HikariDataSource restartedMain [32mHikariPool-1 - Starting...
[0;39m[31m2023-03-21 17:56:13,009[0;39m [32m[WARN][0;39m com.zaxxer.hikari.util.DriverDataSource restartedMain [32mRegistered driver with driverClassName=oracle.jdbc.driver.OracleDriver was not found, trying direct instantiation.
[0;39m[31m2023-03-21 17:56:13,328[0;39m [32m[INFO][0;39m com.zaxxer.hikari.HikariDataSource restartedMain [32mHikariPool-1 - Start completed.
[0;39m[31m2023-03-21 17:56:13,454[0;39m [32m[INFO][0;39m org.springframework.boot.devtools.autoconfigure.OptionalLiveReloadServer restartedMain [32mLiveReload server is running on port 35729
[0;39m[31m2023-03-21 17:56:13,501[0;39m [32m[INFO][0;39m org.springframework.boot.web.embedded.tomcat.TomcatWebServer restartedMain [32mTomcat started on port(s): 8082 (http) with context path ''
[0;39m[31m2023-03-21 17:56:13,514[0;39m [32m[INFO][0;39m com.exg.demo.DemoApplication restartedMain [32mStarted DemoApplication in 2.249 seconds (JVM running for 3.082)
[0;39m[31m2023-03-21 17:56:19,122[0;39m [32m[INFO][0;39m org.apache.catalina.core.ContainerBase.[Tomcat].[localhost].[/] http-nio-8082-exec-1 [32mInitializing Spring DispatcherServlet 'dispatcherServlet'
[0;39m[31m2023-03-21 17:56:19,123[0;39m [32m[INFO][0;39m org.springframework.web.servlet.DispatcherServlet http-nio-8082-exec-1 [32mInitializing Servlet 'dispatcherServlet'
[0;39m[31m2023-03-21 17:56:19,125[0;39m [32m[INFO][0;39m org.springframework.web.servlet.DispatcherServlet http-nio-8082-exec-1 [32mCompleted initialization in 1 ms
[0;39m[31m2023-03-21 17:57:37,279[0;39m [32m[INFO][0;39m com.exg.demo.DemoApplication restartedMain [32mStarting DemoApplication using Java 1.8.0_292 on WPG02VBBF with PID 20620 (C:\DLTE-FULLSTACKDEVELOPMENT-SURYA\DLTE-Spring-SpringJDBCTemplate\target\classes started by xxnlnnns in C:\DLTE-FULLSTACKDEVELOPMENT-SURYA\DLTE-Spring-SpringJDBCTemplate)
[0;39m[31m2023-03-21 17:57:37,279[0;39m [32m[INFO][0;39m com.exg.demo.DemoApplication restartedMain [32mNo active profile set, falling back to 1 default profile: "default"
[0;39m[31m2023-03-21 17:57:37,327[0;39m [32m[INFO][0;39m org.springframework.boot.devtools.restart.ChangeableUrls restartedMain [32mThe Class-Path manifest attribute in C:\Users\xxnlnnns\.m2\repository\com\oracle\database\jdbc\ojdbc8\21.5.0.0\ojdbc8-21.5.0.0.jar referenced one or more files that do not exist: file:/C:/Users/xxnlnnns/.m2/repository/com/oracle/database/jdbc/ojdbc8/21.5.0.0/oraclepki.jar
[0;39m[31m2023-03-21 17:57:37,327[0;39m [32m[INFO][0;39m org.springframework.boot.devtools.env.DevToolsPropertyDefaultsPostProcessor restartedMain [32mDevtools property defaults active! Set 'spring.devtools.add-properties' to 'false' to disable
[0;39m[31m2023-03-21 17:57:37,327[0;39m [32m[INFO][0;39m org.springframework.boot.devtools.env.DevToolsPropertyDefaultsPostProcessor restartedMain [32mFor additional web related logging consider setting the 'logging.level.web' property to 'DEBUG'
[0;39m[31m2023-03-21 17:57:37,847[0;39m [32m[INFO][0;39m org.springframework.data.repository.config.RepositoryConfigurationDelegate restartedMain [32mBootstrapping Spring Data JDBC repositories in DEFAULT mode.
[0;39m[31m2023-03-21 17:57:37,847[0;39m [32m[INFO][0;39m org.springframework.data.repository.config.RepositoryConfigurationDelegate restartedMain [32mFinished Spring Data repository scanning in 5 ms. Found 0 JDBC repository interfaces.
[0;39m[31m2023-03-21 17:57:38,196[0;39m [32m[INFO][0;39m org.springframework.boot.web.embedded.tomcat.TomcatWebServer restartedMain [32mTomcat initialized with port(s): 8082 (http)
[0;39m[31m2023-03-21 17:57:38,209[0;39m [32m[INFO][0;39m org.apache.catalina.core.StandardService restartedMain [32mStarting service [Tomcat]
[0;39m[31m2023-03-21 17:57:38,209[0;39m [32m[INFO][0;39m org.apache.catalina.core.StandardEngine restartedMain [32mStarting Servlet engine: [Apache Tomcat/9.0.71]
[0;39m[31m2023-03-21 17:57:38,243[0;39m [32m[INFO][0;39m org.apache.catalina.core.ContainerBase.[Tomcat].[localhost].[/] restartedMain [32mInitializing Spring embedded WebApplicationContext
[0;39m[31m2023-03-21 17:57:38,243[0;39m [32m[INFO][0;39m org.springframework.boot.web.servlet.context.ServletWebServerApplicationContext restartedMain [32mRoot WebApplicationContext: initialization completed in 916 ms
[0;39m[31m2023-03-21 17:57:38,556[0;39m [32m[INFO][0;39m com.zaxxer.hikari.HikariDataSource restartedMain [32mHikariPool-1 - Starting...
[0;39m[31m2023-03-21 17:57:38,556[0;39m [32m[WARN][0;39m com.zaxxer.hikari.util.DriverDataSource restartedMain [32mRegistered driver with driverClassName=oracle.jdbc.driver.OracleDriver was not found, trying direct instantiation.
[0;39m[31m2023-03-21 17:57:38,797[0;39m [32m[INFO][0;39m com.zaxxer.hikari.HikariDataSource restartedMain [32mHikariPool-1 - Start completed.
[0;39m[31m2023-03-21 17:57:38,872[0;39m [32m[INFO][0;39m org.springframework.boot.devtools.autoconfigure.OptionalLiveReloadServer restartedMain [32mLiveReload server is running on port 35729
[0;39m[31m2023-03-21 17:57:38,898[0;39m [32m[INFO][0;39m org.springframework.boot.web.embedded.tomcat.TomcatWebServer restartedMain [32mTomcat started on port(s): 8082 (http) with context path ''
[0;39m[31m2023-03-21 17:57:38,904[0;39m [32m[INFO][0;39m com.exg.demo.DemoApplication restartedMain [32mStarted DemoApplication in 1.96 seconds (JVM running for 2.645)
[0;39m[31m2023-03-21 18:01:48,100[0;39m [32m[INFO][0;39m org.apache.catalina.core.ContainerBase.[Tomcat].[localhost].[/] http-nio-8082-exec-1 [32mInitializing Spring DispatcherServlet 'dispatcherServlet'
[0;39m[31m2023-03-21 18:01:48,108[0;39m [32m[INFO][0;39m org.springframework.web.servlet.DispatcherServlet http-nio-8082-exec-1 [32mInitializing Servlet 'dispatcherServlet'
[0;39m[31m2023-03-21 18:01:48,109[0;39m [32m[INFO][0;39m org.springframework.web.servlet.DispatcherServlet http-nio-8082-exec-1 [32mCompleted initialization in 0 ms
[0;39m[31m2023-03-21 18:01:48,602[0;39m [32m[ERROR][0;39m org.apache.catalina.core.ContainerBase.[Tomcat].[localhost].[/].[dispatcherServlet] http-nio-8082-exec-1 [32mServlet.service() for servlet [dispatcherServlet] in context with path [] threw exception [Request processing failed; nested exception is org.springframework.jdbc.BadSqlGrammarException: PreparedStatementCallback; bad SQL grammar [Select * from fixeddep where deposit_amount=?]; nested exception is java.sql.SQLSyntaxErrorException: ORA-00942: table or view does not exist
] with root cause
[0;39moracle.jdbc.OracleDatabaseException: ORA-00942: table or view does not exist

	at oracle.jdbc.driver.T4CTTIoer11.processError(T4CTTIoer11.java:637)
	at oracle.jdbc.driver.T4CTTIoer11.processError(T4CTTIoer11.java:564)
	at oracle.jdbc.driver.T4C8Oall.processError(T4C8Oall.java:1151)
	at oracle.jdbc.driver.T4CTTIfun.receive(T4CTTIfun.java:771)
	at oracle.jdbc.driver.T4CTTIfun.doRPC(T4CTTIfun.java:299)
	at oracle.jdbc.driver.T4C8Oall.doOALL(T4C8Oall.java:498)
	at oracle.jdbc.driver.T4CPreparedStatement.doOall8(T4CPreparedStatement.java:152)
	at oracle.jdbc.driver.T4CPreparedStatement.executeForDescribe(T4CPreparedStatement.java:937)
	at oracle.jdbc.driver.OracleStatement.prepareDefineBufferAndExecute(OracleStatement.java:1172)
	at oracle.jdbc.driver.OracleStatement.executeMaybeDescribe(OracleStatement.java:1101)
	at oracle.jdbc.driver.OracleStatement.executeSQLSelect(OracleStatement.java:1426)
	at oracle.jdbc.driver.OracleStatement.doExecuteWithTimeout(OracleStatement.java:1309)
	at oracle.jdbc.driver.OraclePreparedStatement.executeInternal(OraclePreparedStatement.java:3746)
	at oracle.jdbc.driver.OraclePreparedStatement.executeQuery(OraclePreparedStatement.java:3855)
	at oracle.jdbc.driver.OraclePreparedStatementWrapper.executeQuery(OraclePreparedStatementWrapper.java:1098)
	at com.zaxxer.hikari.pool.ProxyPreparedStatement.executeQuery(ProxyPreparedStatement.java:52)
	at com.zaxxer.hikari.pool.HikariProxyPreparedStatement.executeQuery(HikariProxyPreparedStatement.java)
	at org.springframework.jdbc.core.JdbcTemplate$1.doInPreparedStatement(JdbcTemplate.java:722)
	at org.springframework.jdbc.core.JdbcTemplate.execute(JdbcTemplate.java:651)
	at org.springframework.jdbc.core.JdbcTemplate.query(JdbcTemplate.java:713)
	at org.springframework.jdbc.core.JdbcTemplate.query(JdbcTemplate.java:744)
	at org.springframework.jdbc.core.JdbcTemplate.query(JdbcTemplate.java:757)
	at org.springframework.jdbc.core.JdbcTemplate.query(JdbcTemplate.java:810)
	at com.exg.demo.DepositServices.fixedDepositList(DepositServices.java:21)
	at com.exg.demo.Controllers.callFetchDate(Controllers.java:15)
	at sun.reflect.NativeMethodAccessorImpl.invoke0(Native Method)
	at sun.reflect.NativeMethodAccessorImpl.invoke(NativeMethodAccessorImpl.java:62)
	at sun.reflect.DelegatingMethodAccessorImpl.invoke(DelegatingMethodAccessorImpl.java:43)
	at java.lang.reflect.Method.invoke(Method.java:498)
	at org.springframework.web.method.support.InvocableHandlerMethod.doInvoke(InvocableHandlerMethod.java:205)
	at org.springframework.web.method.support.InvocableHandlerMethod.invokeForRequest(InvocableHandlerMethod.java:150)
	at org.springframework.web.servlet.mvc.method.annotation.ServletInvocableHandlerMethod.invokeAndHandle(ServletInvocableHandlerMethod.java:117)
	at org.springframework.web.servlet.mvc.method.annotation.RequestMappingHandlerAdapter.invokeHandlerMethod(RequestMappingHandlerAdapter.java:895)
	at org.springframework.web.servlet.mvc.method.annotation.RequestMappingHandlerAdapter.handleInternal(RequestMappingHandlerAdapter.java:808)
	at org.springframework.web.servlet.mvc.method.AbstractHandlerMethodAdapter.handle(AbstractHandlerMethodAdapter.java:87)
	at org.springframework.web.servlet.DispatcherServlet.doDispatch(DispatcherServlet.java:1071)
	at org.springframework.web.servlet.DispatcherServlet.doService(DispatcherServlet.java:964)
	at org.springframework.web.servlet.FrameworkServlet.processRequest(FrameworkServlet.java:1006)
	at org.springframework.web.servlet.FrameworkServlet.doGet(FrameworkServlet.java:898)
	at javax.servlet.http.HttpServlet.service(HttpServlet.java:670)
	at org.springframework.web.servlet.FrameworkServlet.service(FrameworkServlet.java:883)
	at javax.servlet.http.HttpServlet.service(HttpServlet.java:779)
	at org.apache.catalina.core.ApplicationFilterChain.internalDoFilter(ApplicationFilterChain.java:227)
	at org.apache.catalina.core.ApplicationFilterChain.doFilter(ApplicationFilterChain.java:162)
	at org.apache.tomcat.websocket.server.WsFilter.doFilter(WsFilter.java:53)
	at org.apache.catalina.core.ApplicationFilterChain.internalDoFilter(ApplicationFilterChain.java:189)
	at org.apache.catalina.core.ApplicationFilterChain.doFilter(ApplicationFilterChain.java:162)
	at org.springframework.web.filter.RequestContextFilter.doFilterInternal(RequestContextFilter.java:100)
	at org.springframework.web.filter.OncePerRequestFilter.doFilter(OncePerRequestFilter.java:117)
	at org.apache.catalina.core.ApplicationFilterChain.internalDoFilter(ApplicationFilterChain.java:189)
	at org.apache.catalina.core.ApplicationFilterChain.doFilter(ApplicationFilterChain.java:162)
	at org.springframework.web.filter.FormContentFilter.doFilterInternal(FormContentFilter.java:93)
	at org.springframework.web.filter.OncePerRequestFilter.doFilter(OncePerRequestFilter.java:117)
	at org.apache.catalina.core.ApplicationFilterChain.internalDoFilter(ApplicationFilterChain.java:189)
	at org.apache.catalina.core.ApplicationFilterChain.doFilter(ApplicationFilterChain.java:162)
	at org.springframework.web.filter.CharacterEncodingFilter.doFilterInternal(CharacterEncodingFilter.java:201)
	at org.springframework.web.filter.OncePerRequestFilter.doFilter(OncePerRequestFilter.java:117)
	at org.apache.catalina.core.ApplicationFilterChain.internalDoFilter(ApplicationFilterChain.java:189)
	at org.apache.catalina.core.ApplicationFilterChain.doFilter(ApplicationFilterChain.java:162)
	at org.apache.catalina.core.StandardWrapperValve.invoke(StandardWrapperValve.java:177)
	at org.apache.catalina.core.StandardContextValve.invoke(StandardContextValve.java:97)
	at org.apache.catalina.authenticator.AuthenticatorBase.invoke(AuthenticatorBase.java:541)
	at org.apache.catalina.core.StandardHostValve.invoke(StandardHostValve.java:135)
	at org.apache.catalina.valves.ErrorReportValve.invoke(ErrorReportValve.java:92)
	at org.apache.catalina.core.StandardEngineValve.invoke(StandardEngineValve.java:78)
	at org.apache.catalina.connector.CoyoteAdapter.service(CoyoteAdapter.java:360)
	at org.apache.coyote.http11.Http11Processor.service(Http11Processor.java:399)
	at org.apache.coyote.AbstractProcessorLight.process(AbstractProcessorLight.java:65)
	at org.apache.coyote.AbstractProtocol$ConnectionHandler.process(AbstractProtocol.java:891)
	at org.apache.tomcat.util.net.NioEndpoint$SocketProcessor.doRun(NioEndpoint.java:1784)
	at org.apache.tomcat.util.net.SocketProcessorBase.run(SocketProcessorBase.java:49)
	at org.apache.tomcat.util.threads.ThreadPoolExecutor.runWorker(ThreadPoolExecutor.java:1191)
	at org.apache.tomcat.util.threads.ThreadPoolExecutor$Worker.run(ThreadPoolExecutor.java:659)
	at org.apache.tomcat.util.threads.TaskThread$WrappingRunnable.run(TaskThread.java:61)
	at java.lang.Thread.run(Thread.java:748)
[31m2023-03-21 18:03:32,709[0;39m [32m[INFO][0;39m com.exg.demo.DemoApplication restartedMain [32mStarting DemoApplication using Java 1.8.0_292 on WPG02VBBF with PID 24048 (C:\DLTE-FULLSTACKDEVELOPMENT-SURYA\DLTE-Spring-SpringJDBCTemplate\target\classes started by xxnlnnns in C:\DLTE-FULLSTACKDEVELOPMENT-SURYA\DLTE-Spring-SpringJDBCTemplate)
[0;39m[31m2023-03-21 18:03:32,709[0;39m [32m[INFO][0;39m com.exg.demo.DemoApplication restartedMain [32mNo active profile set, falling back to 1 default profile: "default"
[0;39m[31m2023-03-21 18:03:32,757[0;39m [32m[INFO][0;39m org.springframework.boot.devtools.restart.ChangeableUrls restartedMain [32mThe Class-Path manifest attribute in C:\Users\xxnlnnns\.m2\repository\com\oracle\database\jdbc\ojdbc8\21.5.0.0\ojdbc8-21.5.0.0.jar referenced one or more files that do not exist: file:/C:/Users/xxnlnnns/.m2/repository/com/oracle/database/jdbc/ojdbc8/21.5.0.0/oraclepki.jar
[0;39m[31m2023-03-21 18:03:32,757[0;39m [32m[INFO][0;39m org.springframework.boot.devtools.env.DevToolsPropertyDefaultsPostProcessor restartedMain [32mDevtools property defaults active! Set 'spring.devtools.add-properties' to 'false' to disable
[0;39m[31m2023-03-21 18:03:32,757[0;39m [32m[INFO][0;39m org.springframework.boot.devtools.env.DevToolsPropertyDefaultsPostProcessor restartedMain [32mFor additional web related logging consider setting the 'logging.level.web' property to 'DEBUG'
[0;39m[31m2023-03-21 18:03:33,212[0;39m [32m[INFO][0;39m org.springframework.data.repository.config.RepositoryConfigurationDelegate restartedMain [32mBootstrapping Spring Data JDBC repositories in DEFAULT mode.
[0;39m[31m2023-03-21 18:03:33,212[0;39m [32m[INFO][0;39m org.springframework.data.repository.config.RepositoryConfigurationDelegate restartedMain [32mFinished Spring Data repository scanning in 4 ms. Found 0 JDBC repository interfaces.
[0;39m[31m2023-03-21 18:03:33,542[0;39m [32m[INFO][0;39m org.springframework.boot.web.embedded.tomcat.TomcatWebServer restartedMain [32mTomcat initialized with port(s): 8082 (http)
[0;39m[31m2023-03-21 18:03:33,542[0;39m [32m[INFO][0;39m org.apache.catalina.core.StandardService restartedMain [32mStarting service [Tomcat]
[0;39m[31m2023-03-21 18:03:33,542[0;39m [32m[INFO][0;39m org.apache.catalina.core.StandardEngine restartedMain [32mStarting Servlet engine: [Apache Tomcat/9.0.71]
[0;39m[31m2023-03-21 18:03:33,595[0;39m [32m[INFO][0;39m org.apache.catalina.core.ContainerBase.[Tomcat].[localhost].[/] restartedMain [32mInitializing Spring embedded WebApplicationContext
[0;39m[31m2023-03-21 18:03:33,595[0;39m [32m[INFO][0;39m org.springframework.boot.web.servlet.context.ServletWebServerApplicationContext restartedMain [32mRoot WebApplicationContext: initialization completed in 838 ms
[0;39m[31m2023-03-21 18:03:33,890[0;39m [32m[INFO][0;39m com.zaxxer.hikari.HikariDataSource restartedMain [32mHikariPool-1 - Starting...
[0;39m[31m2023-03-21 18:03:33,890[0;39m [32m[WARN][0;39m com.zaxxer.hikari.util.DriverDataSource restartedMain [32mRegistered driver with driverClassName=oracle.jdbc.driver.OracleDriver was not found, trying direct instantiation.
[0;39m[31m2023-03-21 18:03:34,063[0;39m [32m[INFO][0;39m com.zaxxer.hikari.HikariDataSource restartedMain [32mHikariPool-1 - Start completed.
[0;39m[31m2023-03-21 18:03:34,157[0;39m [32m[INFO][0;39m org.springframework.boot.devtools.autoconfigure.OptionalLiveReloadServer restartedMain [32mLiveReload server is running on port 35729
[0;39m[31m2023-03-21 18:03:34,193[0;39m [32m[INFO][0;39m org.springframework.boot.web.embedded.tomcat.TomcatWebServer restartedMain [32mTomcat started on port(s): 8082 (http) with context path ''
[0;39m[31m2023-03-21 18:03:34,205[0;39m [32m[INFO][0;39m com.exg.demo.DemoApplication restartedMain [32mStarted DemoApplication in 1.858 seconds (JVM running for 2.567)
[0;39m[31m2023-03-21 18:03:47,592[0;39m [32m[INFO][0;39m org.apache.catalina.core.ContainerBase.[Tomcat].[localhost].[/] http-nio-8082-exec-1 [32mInitializing Spring DispatcherServlet 'dispatcherServlet'
[0;39m[31m2023-03-21 18:03:47,592[0;39m [32m[INFO][0;39m org.springframework.web.servlet.DispatcherServlet http-nio-8082-exec-1 [32mInitializing Servlet 'dispatcherServlet'
[0;39m[31m2023-03-21 18:03:47,592[0;39m [32m[INFO][0;39m org.springframework.web.servlet.DispatcherServlet http-nio-8082-exec-1 [32mCompleted initialization in 0 ms
[0;39m[31m2023-03-21 18:03:47,875[0;39m [32m[ERROR][0;39m org.apache.catalina.core.ContainerBase.[Tomcat].[localhost].[/].[dispatcherServlet] http-nio-8082-exec-1 [32mServlet.service() for servlet [dispatcherServlet] in context with path [] threw exception [Request processing failed; nested exception is org.springframework.jdbc.BadSqlGrammarException: PreparedStatementCallback; bad SQL grammar [Select * from fixeddep where deposit_amount=?]; nested exception is java.sql.SQLException: Invalid column name] with root cause
[0;39mjava.sql.SQLException: Invalid column name
	at oracle.jdbc.driver.OracleStatement.getColumnIndexPrimitive(OracleStatement.java:4257)
	at oracle.jdbc.driver.OracleStatement.getColumnIndex(OracleStatement.java:4215)
	at oracle.jdbc.driver.InsensitiveScrollableResultSet.findColumn(InsensitiveScrollableResultSet.java:299)
	at oracle.jdbc.driver.GeneratedResultSet.getString(GeneratedResultSet.java:662)
	at com.zaxxer.hikari.pool.HikariProxyResultSet.getString(HikariProxyResultSet.java)
	at com.exg.demo.DepositServices$DepositMapper.mapRow(DepositServices.java:36)
	at com.exg.demo.DepositServices$DepositMapper.mapRow(DepositServices.java:26)
	at org.springframework.jdbc.core.RowMapperResultSetExtractor.extractData(RowMapperResultSetExtractor.java:94)
	at org.springframework.jdbc.core.RowMapperResultSetExtractor.extractData(RowMapperResultSetExtractor.java:61)
	at org.springframework.jdbc.core.JdbcTemplate$1.doInPreparedStatement(JdbcTemplate.java:723)
	at org.springframework.jdbc.core.JdbcTemplate.execute(JdbcTemplate.java:651)
	at org.springframework.jdbc.core.JdbcTemplate.query(JdbcTemplate.java:713)
	at org.springframework.jdbc.core.JdbcTemplate.query(JdbcTemplate.java:744)
	at org.springframework.jdbc.core.JdbcTemplate.query(JdbcTemplate.java:757)
	at org.springframework.jdbc.core.JdbcTemplate.query(JdbcTemplate.java:810)
	at com.exg.demo.DepositServices.fixedDepositList(DepositServices.java:21)
	at com.exg.demo.Controllers.callFetchDate(Controllers.java:15)
	at sun.reflect.NativeMethodAccessorImpl.invoke0(Native Method)
	at sun.reflect.NativeMethodAccessorImpl.invoke(NativeMethodAccessorImpl.java:62)
	at sun.reflect.DelegatingMethodAccessorImpl.invoke(DelegatingMethodAccessorImpl.java:43)
	at java.lang.reflect.Method.invoke(Method.java:498)
	at org.springframework.web.method.support.InvocableHandlerMethod.doInvoke(InvocableHandlerMethod.java:205)
	at org.springframework.web.method.support.InvocableHandlerMethod.invokeForRequest(InvocableHandlerMethod.java:150)
	at org.springframework.web.servlet.mvc.method.annotation.ServletInvocableHandlerMethod.invokeAndHandle(ServletInvocableHandlerMethod.java:117)
	at org.springframework.web.servlet.mvc.method.annotation.RequestMappingHandlerAdapter.invokeHandlerMethod(RequestMappingHandlerAdapter.java:895)
	at org.springframework.web.servlet.mvc.method.annotation.RequestMappingHandlerAdapter.handleInternal(RequestMappingHandlerAdapter.java:808)
	at org.springframework.web.servlet.mvc.method.AbstractHandlerMethodAdapter.handle(AbstractHandlerMethodAdapter.java:87)
	at org.springframework.web.servlet.DispatcherServlet.doDispatch(DispatcherServlet.java:1071)
	at org.springframework.web.servlet.DispatcherServlet.doService(DispatcherServlet.java:964)
	at org.springframework.web.servlet.FrameworkServlet.processRequest(FrameworkServlet.java:1006)
	at org.springframework.web.servlet.FrameworkServlet.doGet(FrameworkServlet.java:898)
	at javax.servlet.http.HttpServlet.service(HttpServlet.java:670)
	at org.springframework.web.servlet.FrameworkServlet.service(FrameworkServlet.java:883)
	at javax.servlet.http.HttpServlet.service(HttpServlet.java:779)
	at org.apache.catalina.core.ApplicationFilterChain.internalDoFilter(ApplicationFilterChain.java:227)
	at org.apache.catalina.core.ApplicationFilterChain.doFilter(ApplicationFilterChain.java:162)
	at org.apache.tomcat.websocket.server.WsFilter.doFilter(WsFilter.java:53)
	at org.apache.catalina.core.ApplicationFilterChain.internalDoFilter(ApplicationFilterChain.java:189)
	at org.apache.catalina.core.ApplicationFilterChain.doFilter(ApplicationFilterChain.java:162)
	at org.springframework.web.filter.RequestContextFilter.doFilterInternal(RequestContextFilter.java:100)
	at org.springframework.web.filter.OncePerRequestFilter.doFilter(OncePerRequestFilter.java:117)
	at org.apache.catalina.core.ApplicationFilterChain.internalDoFilter(ApplicationFilterChain.java:189)
	at org.apache.catalina.core.ApplicationFilterChain.doFilter(ApplicationFilterChain.java:162)
	at org.springframework.web.filter.FormContentFilter.doFilterInternal(FormContentFilter.java:93)
	at org.springframework.web.filter.OncePerRequestFilter.doFilter(OncePerRequestFilter.java:117)
	at org.apache.catalina.core.ApplicationFilterChain.internalDoFilter(ApplicationFilterChain.java:189)
	at org.apache.catalina.core.ApplicationFilterChain.doFilter(ApplicationFilterChain.java:162)
	at org.springframework.web.filter.CharacterEncodingFilter.doFilterInternal(CharacterEncodingFilter.java:201)
	at org.springframework.web.filter.OncePerRequestFilter.doFilter(OncePerRequestFilter.java:117)
	at org.apache.catalina.core.ApplicationFilterChain.internalDoFilter(ApplicationFilterChain.java:189)
	at org.apache.catalina.core.ApplicationFilterChain.doFilter(ApplicationFilterChain.java:162)
	at org.apache.catalina.core.StandardWrapperValve.invoke(StandardWrapperValve.java:177)
	at org.apache.catalina.core.StandardContextValve.invoke(StandardContextValve.java:97)
	at org.apache.catalina.authenticator.AuthenticatorBase.invoke(AuthenticatorBase.java:541)
	at org.apache.catalina.core.StandardHostValve.invoke(StandardHostValve.java:135)
	at org.apache.catalina.valves.ErrorReportValve.invoke(ErrorReportValve.java:92)
	at org.apache.catalina.core.StandardEngineValve.invoke(StandardEngineValve.java:78)
	at org.apache.catalina.connector.CoyoteAdapter.service(CoyoteAdapter.java:360)
	at org.apache.coyote.http11.Http11Processor.service(Http11Processor.java:399)
	at org.apache.coyote.AbstractProcessorLight.process(AbstractProcessorLight.java:65)
	at org.apache.coyote.AbstractProtocol$ConnectionHandler.process(AbstractProtocol.java:891)
	at org.apache.tomcat.util.net.NioEndpoint$SocketProcessor.doRun(NioEndpoint.java:1784)
	at org.apache.tomcat.util.net.SocketProcessorBase.run(SocketProcessorBase.java:49)
	at org.apache.tomcat.util.threads.ThreadPoolExecutor.runWorker(ThreadPoolExecutor.java:1191)
	at org.apache.tomcat.util.threads.ThreadPoolExecutor$Worker.run(ThreadPoolExecutor.java:659)
	at org.apache.tomcat.util.threads.TaskThread$WrappingRunnable.run(TaskThread.java:61)
	at java.lang.Thread.run(Thread.java:748)
